#
# There is insufficient memory for the Java Runtime Environment to continue.
# Native memory allocation (mmap) failed to map 54525952 bytes. Error detail: G1 virtual space
# Possible reasons:
#   The system is out of physical RAM or swap space
#   This process is running with CompressedOops enabled, and the Java Heap may be blocking the growth of the native heap
# Possible solutions:
#   Reduce memory load on the system
#   Increase physical memory or swap space
#   Check if swap backing store is full
#   Decrease Java heap size (-Xmx/-Xms)
#   Decrease number of Java threads
#   Decrease Java thread stack sizes (-Xss)
#   Set larger code cache with -XX:ReservedCodeCacheSize=
#   JVM is running with Zero Based Compressed Oops mode in which the Java heap is
#     placed in the first 32GB address space. The Java Heap base address is the
#     maximum limit for the native heap growth. Please use -XX:HeapBaseMinAddress
#     to set the Java Heap base and to place the Java Heap above 32GB virtual address.
# This output file may be truncated or incomplete.
#
#  Out of Memory Error (os_windows.cpp:3703), pid=15372, tid=2348
#
# JRE version: Java(TM) SE Runtime Environment (23.0.1+11) (build 23.0.1+11-39)
# Java VM: Java HotSpot(TM) 64-Bit Server VM (23.0.1+11-39, mixed mode, sharing, tiered, compressed oops, compressed class ptrs, g1 gc, windows-amd64)
# No core dump will be written. Minidumps are not enabled by default on client versions of Windows
#

---------------  S U M M A R Y ------------

Command Line: -javaagent:C:\Program Files\JetBrains\IntelliJ IDEA 2024.2.3\lib\idea_rt.jar=64470:C:\Program Files\JetBrains\IntelliJ IDEA 2024.2.3\bin -Dfile.encoding=UTF-8 -Dsun.stdout.encoding=UTF-8 -Dsun.stderr.encoding=UTF-8 Test

Host: 12th Gen Intel(R) Core(TM) i7-12700H, 20 cores, 15G,  Windows 11 , 64 bit Build 22621 (10.0.22621.4830)
Time: Thu Feb 20 20:50:47 2025 Türkiye Standart Saati elapsed time: 4.405568 seconds (0d 0h 0m 4s)

---------------  T H R E A D  ---------------

Current thread (0x0000028a694bbb80):  VMThread "VM Thread"          [id=2348, stack(0x000000af98200000,0x000000af98300000) (1024K)]

Stack: [0x000000af98200000,0x000000af98300000]
Native frames: (J=compiled Java code, j=interpreted, Vv=VM code, C=native code)
V  [jvm.dll+0x6e08b9]  (no source info available)
V  [jvm.dll+0x87dc83]  (no source info available)
V  [jvm.dll+0x88010e]  (no source info available)
V  [jvm.dll+0x8807e3]  (no source info available)
V  [jvm.dll+0x27aee6]  (no source info available)
V  [jvm.dll+0x6dd1c5]  (no source info available)
V  [jvm.dll+0x6d104a]  (no source info available)
V  [jvm.dll+0x35b3ea]  (no source info available)
V  [jvm.dll+0x3637f6]  (no source info available)
V  [jvm.dll+0x34fd5e]  (no source info available)
V  [jvm.dll+0x34fff8]  (no source info available)
V  [jvm.dll+0x3289cc]  (no source info available)
V  [jvm.dll+0x328a5a]  (no source info available)
V  [jvm.dll+0x374c92]  (no source info available)
V  [jvm.dll+0x373392]  (no source info available)
V  [jvm.dll+0x3281a7]  (no source info available)
V  [jvm.dll+0x372b44]  (no source info available)
V  [jvm.dll+0x886720]  (no source info available)
V  [jvm.dll+0x887a47]  (no source info available)
V  [jvm.dll+0x887f78]  (no source info available)
V  [jvm.dll+0x888213]  (no source info available)
V  [jvm.dll+0x824f8b]  (no source info available)
V  [jvm.dll+0x6df065]  (no source info available)
C  [ucrtbase.dll+0x29333]  (no source info available)
C  [KERNEL32.DLL+0x1259d]  (no source info available)
C  [ntdll.dll+0x5af38]  (no source info available)

VM_Operation (0x000000af998fda50): G1CollectForAllocation, mode: safepoint, requested by thread 0x0000028a69d77320


---------------  P R O C E S S  ---------------

Threads class SMR info:
_java_thread_list=0x0000028a739ddd20, length=21, elements={
0x0000028a694d5ac0, 0x0000028a694d68e0, 0x0000028a694d86b0, 0x0000028a694db120,
0x0000028a694dbb80, 0x0000028a694dc5e0, 0x0000028a694df2d0, 0x0000028a694e66a0,
0x0000028a451c11b0, 0x0000028a451c67f0, 0x0000028a451c9c70, 0x0000028a45285d00,
0x0000028a45286b90, 0x0000028a45474e40, 0x0000028a4593e670, 0x0000028a69b766a0,
0x0000028a69eaf8e0, 0x0000028a69d77320, 0x0000028a46c666d0, 0x0000028a6af33bc0,
0x0000028a6af32ea0
}

Java Threads: ( => current thread )
  0x0000028a694d5ac0 JavaThread "Reference Handler"          daemon [_thread_blocked, id=29336, stack(0x000000af98300000,0x000000af98400000) (1024K)]
  0x0000028a694d68e0 JavaThread "Finalizer"                  daemon [_thread_blocked, id=23064, stack(0x000000af98400000,0x000000af98500000) (1024K)]
  0x0000028a694d86b0 JavaThread "Signal Dispatcher"          daemon [_thread_blocked, id=20852, stack(0x000000af98500000,0x000000af98600000) (1024K)]
  0x0000028a694db120 JavaThread "Attach Listener"            daemon [_thread_blocked, id=14828, stack(0x000000af98600000,0x000000af98700000) (1024K)]
  0x0000028a694dbb80 JavaThread "Service Thread"             daemon [_thread_blocked, id=1976, stack(0x000000af98700000,0x000000af98800000) (1024K)]
  0x0000028a694dc5e0 JavaThread "Monitor Deflation Thread"   daemon [_thread_blocked, id=28452, stack(0x000000af98800000,0x000000af98900000) (1024K)]
  0x0000028a694df2d0 JavaThread "C2 CompilerThread0"         daemon [_thread_blocked, id=7680, stack(0x000000af98900000,0x000000af98a00000) (1024K)]
  0x0000028a694e66a0 JavaThread "C1 CompilerThread0"         daemon [_thread_blocked, id=13772, stack(0x000000af98a00000,0x000000af98b00000) (1024K)]
  0x0000028a451c11b0 JavaThread "Common-Cleaner"             daemon [_thread_blocked, id=26068, stack(0x000000af98b00000,0x000000af98c00000) (1024K)]
  0x0000028a451c67f0 JavaThread "C1 CompilerThread1"         daemon [_thread_blocked, id=17700, stack(0x000000af98c00000,0x000000af98d00000) (1024K)]
  0x0000028a451c9c70 JavaThread "C1 CompilerThread2"         daemon [_thread_blocked, id=26960, stack(0x000000af98d00000,0x000000af98e00000) (1024K)]
  0x0000028a45285d00 JavaThread "Monitor Ctrl-Break"         daemon [_thread_in_native, id=28024, stack(0x000000af98f00000,0x000000af99000000) (1024K)]
  0x0000028a45286b90 JavaThread "Notification Thread"        daemon [_thread_blocked, id=6288, stack(0x000000af99000000,0x000000af99100000) (1024K)]
  0x0000028a45474e40 JavaThread "C1 CompilerThread3"         daemon [_thread_blocked, id=10364, stack(0x000000af99100000,0x000000af99200000) (1024K)]
  0x0000028a4593e670 JavaThread "Java2D Disposer"            daemon [_thread_blocked, id=24452, stack(0x000000af99500000,0x000000af99600000) (1024K)]
  0x0000028a69b766a0 JavaThread "AWT-Shutdown"                      [_thread_blocked, id=10012, stack(0x000000af99600000,0x000000af99700000) (1024K)]
  0x0000028a69eaf8e0 JavaThread "AWT-Windows"                daemon [_thread_blocked, id=26736, stack(0x000000af99700000,0x000000af99800000) (1024K)]
  0x0000028a69d77320 JavaThread "AWT-EventQueue-0"                  [_thread_blocked, id=27144, stack(0x000000af99800000,0x000000af99900000) (1024K)]
  0x0000028a46c666d0 JavaThread "DestroyJavaVM"                     [_thread_blocked, id=17248, stack(0x000000af97b00000,0x000000af97c00000) (1024K)]
  0x0000028a6af33bc0 JavaThread "Image Fetcher 0"            daemon [_thread_blocked, id=30292, stack(0x000000af98e00000,0x000000af98f00000) (1024K)]
  0x0000028a6af32ea0 JavaThread "D3D Screen Updater"         daemon [_thread_blocked, id=26892, stack(0x000000af9ad00000,0x000000af9ae00000) (1024K)]
Total: 21

Other Threads:
=>0x0000028a694bbb80 VMThread "VM Thread"                           [id=2348, stack(0x000000af98200000,0x000000af98300000) (1024K)]
  0x0000028a694a2170 WatcherThread "VM Periodic Task Thread"        [id=19724, stack(0x000000af98100000,0x000000af98200000) (1024K)]
  0x0000028a490d5370 WorkerThread "GC Thread#0"                     [id=10912, stack(0x000000af97c00000,0x000000af97d00000) (1024K)]
  0x0000028a6b2d9d50 WorkerThread "GC Thread#1"                     [id=19096, stack(0x000000af99f00000,0x000000af9a000000) (1024K)]
  0x0000028a6b2da510 WorkerThread "GC Thread#2"                     [id=2948, stack(0x000000af9a000000,0x000000af9a100000) (1024K)]
  0x0000028a6b2da8c0 WorkerThread "GC Thread#3"                     [id=13264, stack(0x000000af9a100000,0x000000af9a200000) (1024K)]
  0x0000028a6a1709f0 WorkerThread "GC Thread#4"                     [id=13712, stack(0x000000af9a200000,0x000000af9a300000) (1024K)]
  0x0000028a6b1a6640 WorkerThread "GC Thread#5"                     [id=26920, stack(0x000000af9a300000,0x000000af9a400000) (1024K)]
  0x0000028a6b1a7150 WorkerThread "GC Thread#6"                     [id=8812, stack(0x000000af9a400000,0x000000af9a500000) (1024K)]
  0x0000028a6b1a69f0 WorkerThread "GC Thread#7"                     [id=26640, stack(0x000000af9a500000,0x000000af9a600000) (1024K)]
  0x0000028a6b1a6da0 WorkerThread "GC Thread#8"                     [id=11088, stack(0x000000af9a600000,0x000000af9a700000) (1024K)]
  0x0000028a6b1a7500 WorkerThread "GC Thread#9"                     [id=17904, stack(0x000000af9a700000,0x000000af9a800000) (1024K)]
  0x0000028a6b1a7c60 WorkerThread "GC Thread#10"                    [id=27044, stack(0x000000af9a800000,0x000000af9a900000) (1024K)]
  0x0000028a6b1a8010 WorkerThread "GC Thread#11"                    [id=19752, stack(0x000000af9a900000,0x000000af9aa00000) (1024K)]
  0x0000028a6b1a78b0 WorkerThread "GC Thread#12"                    [id=22020, stack(0x000000af9aa00000,0x000000af9ab00000) (1024K)]
  0x0000028a6b23a480 WorkerThread "GC Thread#13"                    [id=15412, stack(0x000000af9ab00000,0x000000af9ac00000) (1024K)]
  0x0000028a6b2395c0 WorkerThread "GC Thread#14"                    [id=14444, stack(0x000000af9ac00000,0x000000af9ad00000) (1024K)]
  0x0000028a490e9d90 ConcurrentGCThread "G1 Main Marker"            [id=18984, stack(0x000000af97d00000,0x000000af97e00000) (1024K)]
  0x0000028a490ea8a0 WorkerThread "G1 Conc#0"                       [id=14836, stack(0x000000af97e00000,0x000000af97f00000) (1024K)]
  0x0000028a69376310 ConcurrentGCThread "G1 Refine#0"               [id=17260, stack(0x000000af97f00000,0x000000af98000000) (1024K)]
  0x0000028a69376e90 ConcurrentGCThread "G1 Service"                [id=14012, stack(0x000000af98000000,0x000000af98100000) (1024K)]
Total: 21

Threads with active compile tasks:
Total: 0

VM state: at safepoint (normal execution)

VM Mutex/Monitor currently owned by a thread:  ([mutex/lock_event])
[0x00007ffa37553910] Threads_lock - owner thread: 0x0000028a694bbb80
[0x00007ffa37553a10] Heap_lock - owner thread: 0x0000028a69d77320

Heap address: 0x0000000704e00000, size: 4018 MB, Compressed Oops mode: Zero based, Oop shift amount: 3

CDS archive(s) mapped at: [0x0000028a00000000-0x0000028a00d70000-0x0000028a00d70000), size 14090240, SharedBaseAddress: 0x0000028a00000000, ArchiveRelocationMode: 1.
Compressed class space mapped at: 0x0000028a01000000-0x0000028a41000000, reserved size: 1073741824
Narrow klass base: 0x0000028a00000000, Narrow klass shift: 0, Narrow klass range: 0x41000000

GC Precious Log:
 CardTable entry size: 512
 Card Set container configuration: InlinePtr #cards 4 size 8 Array Of Cards #cards 16 size 48 Howl #buckets 8 coarsen threshold 3686 Howl Bitmap #cards 512 size 80 coarsen threshold 460 Card regions per heap region 1 cards per card region 4096
 CPUs: 20 total, 20 available
 Memory: 16068M
 Large Page Support: Disabled
 NUMA Support: Disabled
 Compressed Oops: Enabled (Zero based)
 Heap Region Size: 2M
 Heap Min Capacity: 8M
 Heap Initial Capacity: 252M
 Heap Max Capacity: 4018M
 Pre-touch: Disabled
 Parallel Workers: 15
 Concurrent Workers: 4
 Concurrent Refinement Workers: 15
 Periodic GC: Disabled

Heap:
 garbage-first heap   total reserved 4114432K, committed 258048K, used 62993K [0x0000000704e00000, 0x0000000800000000)
  region size 2048K, 4 young (8192K), 4 survivors (8192K)
 Metaspace       used 18885K, committed 19264K, reserved 1114112K
  class space    used 2018K, committed 2176K, reserved 1048576K

Heap Regions: E=young(eden), S=young(survivor), O=old, HS=humongous(starts), HC=humongous(continues), CS=collection set, F=free, TAMS=top-at-mark-start, PB=parsable bottom
|   0|0x0000000704e00000, 0x0000000705000000, 0x0000000705000000|100%|HS|  |TAMS 0x0000000704e00000| PB 0x0000000704e00000| Complete |  0
|   1|0x0000000705000000, 0x0000000705200000, 0x0000000705200000|100%|HS|  |TAMS 0x0000000705000000| PB 0x0000000705000000| Complete |  0
|   2|0x0000000705200000, 0x0000000705400000, 0x0000000705400000|100%|HS|  |TAMS 0x0000000705200000| PB 0x0000000705200000| Complete |  0
|   3|0x0000000705400000, 0x0000000705600000, 0x0000000705600000|100%|HS|  |TAMS 0x0000000705400000| PB 0x0000000705400000| Complete |  0
|   4|0x0000000705600000, 0x0000000705600000, 0x0000000705800000|  0%| F|  |TAMS 0x0000000705600000| PB 0x0000000705600000| Untracked |  0
|   5|0x0000000705800000, 0x0000000705a00000, 0x0000000705a00000|100%| O|  |TAMS 0x0000000705800000| PB 0x0000000705800000| Untracked |  0
|   6|0x0000000705a00000, 0x0000000705c00000, 0x0000000705c00000|100%|HS|  |TAMS 0x0000000705a00000| PB 0x0000000705a00000| Complete |  0
|   7|0x0000000705c00000, 0x0000000705e00000, 0x0000000705e00000|100%|HC|  |TAMS 0x0000000705c00000| PB 0x0000000705c00000| Complete |  0
|   8|0x0000000705e00000, 0x0000000706000000, 0x0000000706000000|100%|HS|  |TAMS 0x0000000705e00000| PB 0x0000000705e00000| Complete |  0
|   9|0x0000000706000000, 0x0000000706200000, 0x0000000706200000|100%| O|  |TAMS 0x0000000706000000| PB 0x0000000706000000| Untracked |  0
|  10|0x0000000706200000, 0x00000007062b48e0, 0x0000000706400000| 35%| O|  |TAMS 0x0000000706200000| PB 0x0000000706200000| Untracked |  0
|  11|0x0000000706400000, 0x0000000706600000, 0x0000000706600000|100%|HS|  |TAMS 0x0000000706400000| PB 0x0000000706400000| Complete |  0
|  12|0x0000000706600000, 0x0000000706800000, 0x0000000706800000|100%|HC|  |TAMS 0x0000000706600000| PB 0x0000000706600000| Complete |  0
|  13|0x0000000706800000, 0x0000000706a00000, 0x0000000706a00000|100%|HC|  |TAMS 0x0000000706800000| PB 0x0000000706800000| Complete |  0
|  14|0x0000000706a00000, 0x0000000706c00000, 0x0000000706c00000|100%|HC|  |TAMS 0x0000000706a00000| PB 0x0000000706a00000| Complete |  0
|  15|0x0000000706c00000, 0x0000000706e00000, 0x0000000706e00000|100%|HC|  |TAMS 0x0000000706c00000| PB 0x0000000706c00000| Complete |  0
|  16|0x0000000706e00000, 0x0000000707000000, 0x0000000707000000|100%|HC|  |TAMS 0x0000000706e00000| PB 0x0000000706e00000| Complete |  0
|  17|0x0000000707000000, 0x0000000707200000, 0x0000000707200000|100%|HC|  |TAMS 0x0000000707000000| PB 0x0000000707000000| Complete |  0
|  18|0x0000000707200000, 0x0000000707400000, 0x0000000707400000|100%|HC|  |TAMS 0x0000000707200000| PB 0x0000000707200000| Complete |  0
|  19|0x0000000707400000, 0x0000000707600000, 0x0000000707600000|100%|HC|  |TAMS 0x0000000707400000| PB 0x0000000707400000| Complete |  0
|  20|0x0000000707600000, 0x0000000707800000, 0x0000000707800000|100%|HC|  |TAMS 0x0000000707600000| PB 0x0000000707600000| Complete |  0
|  21|0x0000000707800000, 0x0000000707a00000, 0x0000000707a00000|100%|HC|  |TAMS 0x0000000707800000| PB 0x0000000707800000| Complete |  0
|  22|0x0000000707a00000, 0x0000000707c00000, 0x0000000707c00000|100%|HC|  |TAMS 0x0000000707a00000| PB 0x0000000707a00000| Complete |  0
|  23|0x0000000707c00000, 0x0000000707e00000, 0x0000000707e00000|100%|HC|  |TAMS 0x0000000707c00000| PB 0x0000000707c00000| Complete |  0
|  24|0x0000000707e00000, 0x0000000708000000, 0x0000000708000000|100%|HC|  |TAMS 0x0000000707e00000| PB 0x0000000707e00000| Complete |  0
|  25|0x0000000708000000, 0x0000000708200000, 0x0000000708200000|100%|HC|  |TAMS 0x0000000708000000| PB 0x0000000708000000| Complete |  0
|  26|0x0000000708200000, 0x0000000708400000, 0x0000000708400000|100%|HC|  |TAMS 0x0000000708200000| PB 0x0000000708200000| Complete |  0
|  27|0x0000000708400000, 0x0000000708600000, 0x0000000708600000|100%|HC|  |TAMS 0x0000000708400000| PB 0x0000000708400000| Complete |  0
|  28|0x0000000708600000, 0x0000000708800000, 0x0000000708800000|100%|HC|  |TAMS 0x0000000708600000| PB 0x0000000708600000| Complete |  0
|  29|0x0000000708800000, 0x0000000708800000, 0x0000000708a00000|  0%| F|  |TAMS 0x0000000708800000| PB 0x0000000708800000| Untracked |  0
|  30|0x0000000708a00000, 0x0000000708a00000, 0x0000000708c00000|  0%| F|  |TAMS 0x0000000708a00000| PB 0x0000000708a00000| Untracked |  0
|  31|0x0000000708c00000, 0x0000000708c00000, 0x0000000708e00000|  0%| F|  |TAMS 0x0000000708c00000| PB 0x0000000708c00000| Untracked |  0
|  32|0x0000000708e00000, 0x0000000708e00000, 0x0000000709000000|  0%| F|  |TAMS 0x0000000708e00000| PB 0x0000000708e00000| Untracked |  0
|  33|0x0000000709000000, 0x0000000709000000, 0x0000000709200000|  0%| F|  |TAMS 0x0000000709000000| PB 0x0000000709000000| Untracked |  0
|  34|0x0000000709200000, 0x0000000709200000, 0x0000000709400000|  0%| F|  |TAMS 0x0000000709200000| PB 0x0000000709200000| Untracked |  0
|  35|0x0000000709400000, 0x0000000709400000, 0x0000000709600000|  0%| F|  |TAMS 0x0000000709400000| PB 0x0000000709400000| Untracked |  0
|  36|0x0000000709600000, 0x0000000709600000, 0x0000000709800000|  0%| F|  |TAMS 0x0000000709600000| PB 0x0000000709600000| Untracked |  0
|  37|0x0000000709800000, 0x0000000709800000, 0x0000000709a00000|  0%| F|  |TAMS 0x0000000709800000| PB 0x0000000709800000| Untracked |  0
|  38|0x0000000709a00000, 0x0000000709a00000, 0x0000000709c00000|  0%| F|  |TAMS 0x0000000709a00000| PB 0x0000000709a00000| Untracked |  0
|  39|0x0000000709c00000, 0x0000000709c00000, 0x0000000709e00000|  0%| F|  |TAMS 0x0000000709c00000| PB 0x0000000709c00000| Untracked |  0
|  40|0x0000000709e00000, 0x0000000709e00000, 0x000000070a000000|  0%| F|  |TAMS 0x0000000709e00000| PB 0x0000000709e00000| Untracked |  0
|  41|0x000000070a000000, 0x000000070a000000, 0x000000070a200000|  0%| F|  |TAMS 0x000000070a000000| PB 0x000000070a000000| Untracked |  0
|  42|0x000000070a200000, 0x000000070a200000, 0x000000070a400000|  0%| F|  |TAMS 0x000000070a200000| PB 0x000000070a200000| Untracked |  0
|  43|0x000000070a400000, 0x000000070a400000, 0x000000070a600000|  0%| F|  |TAMS 0x000000070a400000| PB 0x000000070a400000| Untracked |  0
|  44|0x000000070a600000, 0x000000070a600000, 0x000000070a800000|  0%| F|  |TAMS 0x000000070a600000| PB 0x000000070a600000| Untracked |  0
|  45|0x000000070a800000, 0x000000070a800000, 0x000000070aa00000|  0%| F|  |TAMS 0x000000070a800000| PB 0x000000070a800000| Untracked |  0
|  46|0x000000070aa00000, 0x000000070aa00000, 0x000000070ac00000|  0%| F|  |TAMS 0x000000070aa00000| PB 0x000000070aa00000| Untracked |  0
|  47|0x000000070ac00000, 0x000000070ac00000, 0x000000070ae00000|  0%| F|  |TAMS 0x000000070ac00000| PB 0x000000070ac00000| Untracked |  0
|  48|0x000000070ae00000, 0x000000070ae00000, 0x000000070b000000|  0%| F|  |TAMS 0x000000070ae00000| PB 0x000000070ae00000| Untracked |  0
|  49|0x000000070b000000, 0x000000070b000000, 0x000000070b200000|  0%| F|  |TAMS 0x000000070b000000| PB 0x000000070b000000| Untracked |  0
|  50|0x000000070b200000, 0x000000070b200000, 0x000000070b400000|  0%| F|  |TAMS 0x000000070b200000| PB 0x000000070b200000| Untracked |  0
|  51|0x000000070b400000, 0x000000070b4cfb68, 0x000000070b600000| 40%| S|CS|TAMS 0x000000070b400000| PB 0x000000070b400000| Complete |  0
|  52|0x000000070b600000, 0x000000070b800000, 0x000000070b800000|100%| S|CS|TAMS 0x000000070b600000| PB 0x000000070b600000| Complete |  0
|  53|0x000000070b800000, 0x000000070ba00000, 0x000000070ba00000|100%| S|CS|TAMS 0x000000070b800000| PB 0x000000070b800000| Complete |  0
|  54|0x000000070ba00000, 0x000000070bc00000, 0x000000070bc00000|100%| S|CS|TAMS 0x000000070ba00000| PB 0x000000070ba00000| Complete |  0
|  55|0x000000070bc00000, 0x000000070bc00000, 0x000000070be00000|  0%| F|  |TAMS 0x000000070bc00000| PB 0x000000070bc00000| Untracked |  0
|  56|0x000000070be00000, 0x000000070be00000, 0x000000070c000000|  0%| F|  |TAMS 0x000000070be00000| PB 0x000000070be00000| Untracked |  0
|  57|0x000000070c000000, 0x000000070c000000, 0x000000070c200000|  0%| F|  |TAMS 0x000000070c000000| PB 0x000000070c000000| Untracked |  0
|  58|0x000000070c200000, 0x000000070c200000, 0x000000070c400000|  0%| F|  |TAMS 0x000000070c200000| PB 0x000000070c200000| Untracked |  0
|  59|0x000000070c400000, 0x000000070c400000, 0x000000070c600000|  0%| F|  |TAMS 0x000000070c400000| PB 0x000000070c400000| Untracked |  0
|  60|0x000000070c600000, 0x000000070c600000, 0x000000070c800000|  0%| F|  |TAMS 0x000000070c600000| PB 0x000000070c600000| Untracked |  0
|  61|0x000000070c800000, 0x000000070c800000, 0x000000070ca00000|  0%| F|  |TAMS 0x000000070c800000| PB 0x000000070c800000| Untracked |  0
|  62|0x000000070ca00000, 0x000000070ca00000, 0x000000070cc00000|  0%| F|  |TAMS 0x000000070ca00000| PB 0x000000070ca00000| Untracked |  0
|  63|0x000000070cc00000, 0x000000070cc00000, 0x000000070ce00000|  0%| F|  |TAMS 0x000000070cc00000| PB 0x000000070cc00000| Untracked |  0
|  64|0x000000070ce00000, 0x000000070ce00000, 0x000000070d000000|  0%| F|  |TAMS 0x000000070ce00000| PB 0x000000070ce00000| Untracked |  0
|  65|0x000000070d000000, 0x000000070d000000, 0x000000070d200000|  0%| F|  |TAMS 0x000000070d000000| PB 0x000000070d000000| Untracked |  0
|  66|0x000000070d200000, 0x000000070d200000, 0x000000070d400000|  0%| F|  |TAMS 0x000000070d200000| PB 0x000000070d200000| Untracked |  0
|  67|0x000000070d400000, 0x000000070d400000, 0x000000070d600000|  0%| F|  |TAMS 0x000000070d400000| PB 0x000000070d400000| Untracked |  0
|  68|0x000000070d600000, 0x000000070d600000, 0x000000070d800000|  0%| F|  |TAMS 0x000000070d600000| PB 0x000000070d600000| Untracked |  0
|  69|0x000000070d800000, 0x000000070d800000, 0x000000070da00000|  0%| F|  |TAMS 0x000000070d800000| PB 0x000000070d800000| Untracked |  0
|  70|0x000000070da00000, 0x000000070da00000, 0x000000070dc00000|  0%| F|  |TAMS 0x000000070da00000| PB 0x000000070da00000| Untracked |  0
|  71|0x000000070dc00000, 0x000000070dc00000, 0x000000070de00000|  0%| F|  |TAMS 0x000000070dc00000| PB 0x000000070dc00000| Untracked |  0
|  72|0x000000070de00000, 0x000000070de00000, 0x000000070e000000|  0%| F|  |TAMS 0x000000070de00000| PB 0x000000070de00000| Untracked |  0
|  73|0x000000070e000000, 0x000000070e000000, 0x000000070e200000|  0%| F|  |TAMS 0x000000070e000000| PB 0x000000070e000000| Untracked |  0
|  74|0x000000070e200000, 0x000000070e200000, 0x000000070e400000|  0%| F|  |TAMS 0x000000070e200000| PB 0x000000070e200000| Untracked |  0
|  75|0x000000070e400000, 0x000000070e400000, 0x000000070e600000|  0%| F|  |TAMS 0x000000070e400000| PB 0x000000070e400000| Untracked |  0
|  76|0x000000070e600000, 0x000000070e600000, 0x000000070e800000|  0%| F|  |TAMS 0x000000070e600000| PB 0x000000070e600000| Untracked |  0
|  77|0x000000070e800000, 0x000000070e800000, 0x000000070ea00000|  0%| F|  |TAMS 0x000000070e800000| PB 0x000000070e800000| Untracked |  0
|  78|0x000000070ea00000, 0x000000070ea00000, 0x000000070ec00000|  0%| F|  |TAMS 0x000000070ea00000| PB 0x000000070ea00000| Untracked |  0
|  79|0x000000070ec00000, 0x000000070ec00000, 0x000000070ee00000|  0%| F|  |TAMS 0x000000070ec00000| PB 0x000000070ec00000| Untracked |  0
|  80|0x000000070ee00000, 0x000000070ee00000, 0x000000070f000000|  0%| F|  |TAMS 0x000000070ee00000| PB 0x000000070ee00000| Untracked |  0
|  81|0x000000070f000000, 0x000000070f000000, 0x000000070f200000|  0%| F|  |TAMS 0x000000070f000000| PB 0x000000070f000000| Untracked |  0
|  82|0x000000070f200000, 0x000000070f200000, 0x000000070f400000|  0%| F|  |TAMS 0x000000070f200000| PB 0x000000070f200000| Untracked |  0
|  83|0x000000070f400000, 0x000000070f400000, 0x000000070f600000|  0%| F|  |TAMS 0x000000070f400000| PB 0x000000070f400000| Untracked |  0
|  84|0x000000070f600000, 0x000000070f600000, 0x000000070f800000|  0%| F|  |TAMS 0x000000070f600000| PB 0x000000070f600000| Untracked |  0
|  85|0x000000070f800000, 0x000000070f800000, 0x000000070fa00000|  0%| F|  |TAMS 0x000000070f800000| PB 0x000000070f800000| Untracked |  0
|  86|0x000000070fa00000, 0x000000070fa00000, 0x000000070fc00000|  0%| F|  |TAMS 0x000000070fa00000| PB 0x000000070fa00000| Untracked |  0
|  87|0x000000070fc00000, 0x000000070fc00000, 0x000000070fe00000|  0%| F|  |TAMS 0x000000070fc00000| PB 0x000000070fc00000| Untracked |  0
|  88|0x000000070fe00000, 0x000000070fe00000, 0x0000000710000000|  0%| F|  |TAMS 0x000000070fe00000| PB 0x000000070fe00000| Untracked |  0
|  89|0x0000000710000000, 0x0000000710000000, 0x0000000710200000|  0%| F|  |TAMS 0x0000000710000000| PB 0x0000000710000000| Untracked |  0
|  90|0x0000000710200000, 0x0000000710200000, 0x0000000710400000|  0%| F|  |TAMS 0x0000000710200000| PB 0x0000000710200000| Untracked |  0
|  91|0x0000000710400000, 0x0000000710400000, 0x0000000710600000|  0%| F|  |TAMS 0x0000000710400000| PB 0x0000000710400000| Untracked |  0
|  92|0x0000000710600000, 0x0000000710600000, 0x0000000710800000|  0%| F|  |TAMS 0x0000000710600000| PB 0x0000000710600000| Untracked |  0
|  93|0x0000000710800000, 0x0000000710800000, 0x0000000710a00000|  0%| F|  |TAMS 0x0000000710800000| PB 0x0000000710800000| Untracked |  0
|  94|0x0000000710a00000, 0x0000000710a00000, 0x0000000710c00000|  0%| F|  |TAMS 0x0000000710a00000| PB 0x0000000710a00000| Untracked |  0
|  95|0x0000000710c00000, 0x0000000710c00000, 0x0000000710e00000|  0%| F|  |TAMS 0x0000000710c00000| PB 0x0000000710c00000| Untracked |  0
|  96|0x0000000710e00000, 0x0000000710e00000, 0x0000000711000000|  0%| F|  |TAMS 0x0000000710e00000| PB 0x0000000710e00000| Untracked |  0
|  97|0x0000000711000000, 0x0000000711000000, 0x0000000711200000|  0%| F|  |TAMS 0x0000000711000000| PB 0x0000000711000000| Untracked |  0
|  98|0x0000000711200000, 0x0000000711200000, 0x0000000711400000|  0%| F|  |TAMS 0x0000000711200000| PB 0x0000000711200000| Untracked |  0
|  99|0x0000000711400000, 0x0000000711400000, 0x0000000711600000|  0%| F|  |TAMS 0x0000000711400000| PB 0x0000000711400000| Untracked |  0
| 100|0x0000000711600000, 0x0000000711600000, 0x0000000711800000|  0%| F|  |TAMS 0x0000000711600000| PB 0x0000000711600000| Untracked |  0
| 101|0x0000000711800000, 0x0000000711800000, 0x0000000711a00000|  0%| F|  |TAMS 0x0000000711800000| PB 0x0000000711800000| Untracked |  0
| 102|0x0000000711a00000, 0x0000000711a00000, 0x0000000711c00000|  0%| F|  |TAMS 0x0000000711a00000| PB 0x0000000711a00000| Untracked |  0
| 103|0x0000000711c00000, 0x0000000711c00000, 0x0000000711e00000|  0%| F|  |TAMS 0x0000000711c00000| PB 0x0000000711c00000| Untracked |  0
| 104|0x0000000711e00000, 0x0000000711e00000, 0x0000000712000000|  0%| F|  |TAMS 0x0000000711e00000| PB 0x0000000711e00000| Untracked |  0
| 105|0x0000000712000000, 0x0000000712000000, 0x0000000712200000|  0%| F|  |TAMS 0x0000000712000000| PB 0x0000000712000000| Untracked |  0
| 106|0x0000000712200000, 0x0000000712200000, 0x0000000712400000|  0%| F|  |TAMS 0x0000000712200000| PB 0x0000000712200000| Untracked |  0
| 107|0x0000000712400000, 0x0000000712400000, 0x0000000712600000|  0%| F|  |TAMS 0x0000000712400000| PB 0x0000000712400000| Untracked |  0
| 108|0x0000000712600000, 0x0000000712600000, 0x0000000712800000|  0%| F|  |TAMS 0x0000000712600000| PB 0x0000000712600000| Untracked |  0
| 109|0x0000000712800000, 0x0000000712800000, 0x0000000712a00000|  0%| F|  |TAMS 0x0000000712800000| PB 0x0000000712800000| Untracked |  0
| 110|0x0000000712a00000, 0x0000000712a00000, 0x0000000712c00000|  0%| F|  |TAMS 0x0000000712a00000| PB 0x0000000712a00000| Untracked |  0
| 111|0x0000000712c00000, 0x0000000712c00000, 0x0000000712e00000|  0%| F|  |TAMS 0x0000000712c00000| PB 0x0000000712c00000| Untracked |  0
| 112|0x0000000712e00000, 0x0000000712e00000, 0x0000000713000000|  0%| F|  |TAMS 0x0000000712e00000| PB 0x0000000712e00000| Untracked |  0
| 113|0x0000000713000000, 0x0000000713000000, 0x0000000713200000|  0%| F|  |TAMS 0x0000000713000000| PB 0x0000000713000000| Untracked |  0
| 114|0x0000000713200000, 0x0000000713200000, 0x0000000713400000|  0%| F|  |TAMS 0x0000000713200000| PB 0x0000000713200000| Untracked |  0
| 115|0x0000000713400000, 0x0000000713400000, 0x0000000713600000|  0%| F|  |TAMS 0x0000000713400000| PB 0x0000000713400000| Untracked |  0
| 116|0x0000000713600000, 0x0000000713600000, 0x0000000713800000|  0%| F|  |TAMS 0x0000000713600000| PB 0x0000000713600000| Untracked |  0
| 117|0x0000000713800000, 0x0000000713800000, 0x0000000713a00000|  0%| F|  |TAMS 0x0000000713800000| PB 0x0000000713800000| Untracked |  0
| 118|0x0000000713a00000, 0x0000000713a00000, 0x0000000713c00000|  0%| F|  |TAMS 0x0000000713a00000| PB 0x0000000713a00000| Untracked |  0
| 119|0x0000000713c00000, 0x0000000713c00000, 0x0000000713e00000|  0%| F|  |TAMS 0x0000000713c00000| PB 0x0000000713c00000| Untracked |  0
| 120|0x0000000713e00000, 0x0000000713e00000, 0x0000000714000000|  0%| F|  |TAMS 0x0000000713e00000| PB 0x0000000713e00000| Untracked |  0
| 121|0x0000000714000000, 0x0000000714000000, 0x0000000714200000|  0%| F|  |TAMS 0x0000000714000000| PB 0x0000000714000000| Untracked |  0
| 122|0x0000000714200000, 0x0000000714200000, 0x0000000714400000|  0%| F|  |TAMS 0x0000000714200000| PB 0x0000000714200000| Untracked |  0
| 123|0x0000000714400000, 0x0000000714400000, 0x0000000714600000|  0%| F|  |TAMS 0x0000000714400000| PB 0x0000000714400000| Untracked |  0
| 124|0x0000000714600000, 0x0000000714600000, 0x0000000714800000|  0%| F|  |TAMS 0x0000000714600000| PB 0x0000000714600000| Untracked |  0
| 125|0x0000000714800000, 0x0000000714800000, 0x0000000714a00000|  0%| F|  |TAMS 0x0000000714800000| PB 0x0000000714800000| Untracked |  0

Card table byte_map: [0x0000028a61b30000,0x0000028a62310000] _byte_map_base: 0x0000028a5e309000

Marking Bits: (CMBitMap*) 0x0000028a490d5a80
 Bits: [0x0000028a62310000, 0x0000028a661d8000)

Polling page: 0x0000028a46f60000

Metaspace:

Usage:
  Non-class:     16.47 MB used.
      Class:      1.97 MB used.
       Both:     18.44 MB used.

Virtual space:
  Non-class space:       64.00 MB reserved,      16.69 MB ( 26%) committed,  1 nodes.
      Class space:        1.00 GB reserved,       2.12 MB ( <1%) committed,  1 nodes.
             Both:        1.06 GB reserved,      18.81 MB (  2%) committed. 

Chunk freelists:
   Non-Class:  14.92 MB
       Class:  13.71 MB
        Both:  28.63 MB

MaxMetaspaceSize: unlimited
CompressedClassSpaceSize: 1.00 GB
Initial GC threshold: 21.00 MB
Current GC threshold: 21.00 MB
CDS: on
 - commit_granule_bytes: 65536.
 - commit_granule_words: 8192.
 - virtual_space_node_default_size: 8388608.
 - enlarge_chunks_in_place: 1.
 - use_allocation_guard: 0.


Internal statistics:

num_allocs_failed_limit: 0.
num_arena_births: 332.
num_arena_deaths: 0.
num_vsnodes_births: 2.
num_vsnodes_deaths: 0.
num_space_committed: 301.
num_space_uncommitted: 0.
num_chunks_returned_to_freelist: 0.
num_chunks_taken_from_freelist: 533.
num_chunk_merges: 0.
num_chunk_splits: 297.
num_chunks_enlarged: 119.
num_inconsistent_stats: 0.

CodeHeap 'non-profiled nmethods': size=119232Kb used=1425Kb max_used=1425Kb free=117806Kb
 bounds [0x0000028a59330000, 0x0000028a595a0000, 0x0000028a607a0000]
CodeHeap 'profiled nmethods': size=119104Kb used=5463Kb max_used=5463Kb free=113640Kb
 bounds [0x0000028a517a0000, 0x0000028a51d00000, 0x0000028a58bf0000]
CodeHeap 'non-nmethods': size=7424Kb used=3438Kb max_used=3480Kb free=3985Kb
 bounds [0x0000028a58bf0000, 0x0000028a58f60000, 0x0000028a59330000]
CodeCache: size=245760Kb, used=10326Kb, max_used=10368Kb, free=235431Kb
 total_blobs=4448, nmethods=3657, adapters=693, full_count=0
Compilation: enabled, stopped_count=0, restarted_count=0

Compilation events (20 events):
Event: 4.396 Thread 0x0000028a451c9c70 3648       3       java.nio.ByteBuffer::arrayOffset (35 bytes)
Event: 4.396 Thread 0x0000028a451c9c70 nmethod 3648 0x0000028a51cee488 code [0x0000028a51cee5e0, 0x0000028a51cee8a8]
Event: 4.396 Thread 0x0000028a451c9c70 3649       3       javax.swing.text.html.BlockView::setPropertiesFromAttributes (120 bytes)
Event: 4.396 Thread 0x0000028a694df2d0 3650       4       sun.text.RuleBasedBreakIterator::getCurrentCodePointCount (69 bytes)
Event: 4.397 Thread 0x0000028a451c9c70 nmethod 3649 0x0000028a51cee908 code [0x0000028a51ceeb00, 0x0000028a51cefab0]
Event: 4.397 Thread 0x0000028a694e66a0 3651       3       java.awt.event.InputEvent::consume (6 bytes)
Event: 4.397 Thread 0x0000028a694e66a0 nmethod 3651 0x0000028a51cefb88 code [0x0000028a51cefca0, 0x0000028a51cefdb0]
Event: 4.397 Thread 0x0000028a45474e40 3652       3       java.awt.Component::isMixingNeeded (177 bytes)
Event: 4.397 Thread 0x0000028a694e66a0 3653  s    3       sun.awt.SunToolkit::getSunAwtDisableMixing (32 bytes)
Event: 4.397 Thread 0x0000028a451c67f0 3654       3       java.awt.Component::areBoundsValid (29 bytes)
Event: 4.398 Thread 0x0000028a451c67f0 nmethod 3654 0x0000028a51cefe88 code [0x0000028a51ceffc0, 0x0000028a51cf0430]
Event: 4.398 Thread 0x0000028a694df2d0 nmethod 3650 0x0000028a59493d08 code [0x0000028a59493e20, 0x0000028a59493fa8]
Event: 4.398 Thread 0x0000028a694e66a0 nmethod 3653 0x0000028a51cf0488 code [0x0000028a51cf0660, 0x0000028a51cf1120]
Event: 4.398 Thread 0x0000028a694e66a0 3655       1       javax.swing.JComponent::getBorder (5 bytes)
Event: 4.398 Thread 0x0000028a694e66a0 nmethod 3655 0x0000028a59494008 code [0x0000028a59494120, 0x0000028a594941f0]
Event: 4.399 Thread 0x0000028a694e66a0 3656       1       sun.java2d.loops.RenderCache$Entry::getValue (5 bytes)
Event: 4.399 Thread 0x0000028a694e66a0 nmethod 3656 0x0000028a59494308 code [0x0000028a59494420, 0x0000028a594944f0]
Event: 4.399 Thread 0x0000028a45474e40 nmethod 3652 0x0000028a51cf1208 code [0x0000028a51cf18c0, 0x0000028a51cf5a98]
Event: 4.401 Thread 0x0000028a45474e40 3657       3       sun.java2d.SunGraphics2D::constrain (11 bytes)
Event: 4.401 Thread 0x0000028a45474e40 nmethod 3657 0x0000028a51cf5c08 code [0x0000028a51cf5d20, 0x0000028a51cf5e68]

GC Heap History (17 events):
Event: 0.824 GC heap before
{Heap before GC invocations=0 (full 0):
 garbage-first heap   total reserved 4114432K, committed 258048K, used 34816K [0x0000000704e00000, 0x0000000800000000)
  region size 2048K, 12 young (24576K), 0 survivors (0K)
 Metaspace       used 13065K, committed 13312K, reserved 1114112K
  class space    used 1426K, committed 1536K, reserved 1048576K
}
Event: 0.829 GC heap after
{Heap after GC invocations=1 (full 0):
 garbage-first heap   total reserved 4114432K, committed 258048K, used 10849K [0x0000000704e00000, 0x0000000800000000)
  region size 2048K, 2 young (4096K), 2 survivors (4096K)
 Metaspace       used 13065K, committed 13312K, reserved 1114112K
  class space    used 1426K, committed 1536K, reserved 1048576K
}
Event: 2.241 GC heap before
{Heap before GC invocations=1 (full 0):
 garbage-first heap   total reserved 4114432K, committed 258048K, used 43617K [0x0000000704e00000, 0x0000000800000000)
  region size 2048K, 13 young (26624K), 2 survivors (4096K)
 Metaspace       used 17902K, committed 18176K, reserved 1114112K
  class space    used 1939K, committed 2048K, reserved 1048576K
}
Event: 2.245 GC heap after
{Heap after GC invocations=2 (full 0):
 garbage-first heap   total reserved 4114432K, committed 258048K, used 19154K [0x0000000704e00000, 0x0000000800000000)
  region size 2048K, 1 young (2048K), 1 survivors (2048K)
 Metaspace       used 17902K, committed 18176K, reserved 1114112K
  class space    used 1939K, committed 2048K, reserved 1048576K
}
Event: 2.524 GC heap before
{Heap before GC invocations=2 (full 0):
 garbage-first heap   total reserved 4114432K, committed 258048K, used 115410K [0x0000000704e00000, 0x0000000800000000)
  region size 2048K, 31 young (63488K), 1 survivors (2048K)
 Metaspace       used 18077K, committed 18432K, reserved 1114112K
  class space    used 1954K, committed 2112K, reserved 1048576K
}
Event: 2.526 GC heap after
{Heap after GC invocations=3 (full 0):
 garbage-first heap   total reserved 4114432K, committed 258048K, used 52907K [0x0000000704e00000, 0x0000000800000000)
  region size 2048K, 2 young (4096K), 2 survivors (4096K)
 Metaspace       used 18077K, committed 18432K, reserved 1114112K
  class space    used 1954K, committed 2112K, reserved 1048576K
}
Event: 2.581 GC heap before
{Heap before GC invocations=3 (full 0):
 garbage-first heap   total reserved 4114432K, committed 258048K, used 124587K [0x0000000704e00000, 0x0000000800000000)
  region size 2048K, 37 young (75776K), 2 survivors (4096K)
 Metaspace       used 18077K, committed 18432K, reserved 1114112K
  class space    used 1954K, committed 2112K, reserved 1048576K
}
Event: 2.582 GC heap after
{Heap after GC invocations=4 (full 0):
 garbage-first heap   total reserved 4114432K, committed 258048K, used 52616K [0x0000000704e00000, 0x0000000800000000)
  region size 2048K, 2 young (4096K), 2 survivors (4096K)
 Metaspace       used 18077K, committed 18432K, reserved 1114112K
  class space    used 1954K, committed 2112K, reserved 1048576K
}
Event: 2.674 GC heap before
{Heap before GC invocations=4 (full 0):
 garbage-first heap   total reserved 4114432K, committed 258048K, used 163208K [0x0000000704e00000, 0x0000000800000000)
  region size 2048K, 56 young (114688K), 2 survivors (4096K)
 Metaspace       used 18077K, committed 18432K, reserved 1114112K
  class space    used 1954K, committed 2112K, reserved 1048576K
}
Event: 2.676 GC heap after
{Heap after GC invocations=5 (full 0):
 garbage-first heap   total reserved 4114432K, committed 258048K, used 52856K [0x0000000704e00000, 0x0000000800000000)
  region size 2048K, 2 young (4096K), 2 survivors (4096K)
 Metaspace       used 18077K, committed 18432K, reserved 1114112K
  class space    used 1954K, committed 2112K, reserved 1048576K
}
Event: 2.798 GC heap before
{Heap before GC invocations=5 (full 0):
 garbage-first heap   total reserved 4114432K, committed 258048K, used 169592K [0x0000000704e00000, 0x0000000800000000)
  region size 2048K, 59 young (120832K), 2 survivors (4096K)
 Metaspace       used 18128K, committed 18496K, reserved 1114112K
  class space    used 1954K, committed 2112K, reserved 1048576K
}
Event: 2.800 GC heap after
{Heap after GC invocations=6 (full 0):
 garbage-first heap   total reserved 4114432K, committed 258048K, used 55864K [0x0000000704e00000, 0x0000000800000000)
  region size 2048K, 3 young (6144K), 3 survivors (6144K)
 Metaspace       used 18128K, committed 18496K, reserved 1114112K
  class space    used 1954K, committed 2112K, reserved 1048576K
}
Event: 4.119 GC heap before
{Heap before GC invocations=6 (full 0):
 garbage-first heap   total reserved 4114432K, committed 258048K, used 188984K [0x0000000704e00000, 0x0000000800000000)
  region size 2048K, 65 young (133120K), 3 survivors (6144K)
 Metaspace       used 18863K, committed 19200K, reserved 1114112K
  class space    used 2018K, committed 2176K, reserved 1048576K
}
Event: 4.122 GC heap after
{Heap after GC invocations=7 (full 0):
 garbage-first heap   total reserved 4114432K, committed 258048K, used 63652K [0x0000000704e00000, 0x0000000800000000)
  region size 2048K, 4 young (8192K), 4 survivors (8192K)
 Metaspace       used 18863K, committed 19200K, reserved 1114112K
  class space    used 2018K, committed 2176K, reserved 1048576K
}
Event: 4.248 GC heap before
{Heap before GC invocations=7 (full 0):
 garbage-first heap   total reserved 4114432K, committed 258048K, used 192676K [0x0000000704e00000, 0x0000000800000000)
  region size 2048K, 67 young (137216K), 4 survivors (8192K)
 Metaspace       used 18863K, committed 19200K, reserved 1114112K
  class space    used 2018K, committed 2176K, reserved 1048576K
}
Event: 4.250 GC heap after
{Heap after GC invocations=8 (full 0):
 garbage-first heap   total reserved 4114432K, committed 258048K, used 63859K [0x0000000704e00000, 0x0000000800000000)
  region size 2048K, 4 young (8192K), 4 survivors (8192K)
 Metaspace       used 18863K, committed 19200K, reserved 1114112K
  class space    used 2018K, committed 2176K, reserved 1048576K
}
Event: 4.402 GC heap before
{Heap before GC invocations=8 (full 0):
 garbage-first heap   total reserved 4114432K, committed 258048K, used 201075K [0x0000000704e00000, 0x0000000800000000)
  region size 2048K, 71 young (145408K), 4 survivors (8192K)
 Metaspace       used 18885K, committed 19264K, reserved 1114112K
  class space    used 2018K, committed 2176K, reserved 1048576K
}

Dll operation events (17 events):
Event: 0.006 Loaded shared library C:\Program Files\Java\jdk-23\bin\java.dll
Event: 0.027 Loaded shared library C:\Program Files\Java\jdk-23\bin\jsvml.dll
Event: 0.049 Loaded shared library C:\Program Files\Java\jdk-23\bin\zip.dll
Event: 0.051 Loaded shared library C:\Program Files\Java\jdk-23\bin\instrument.dll
Event: 0.054 Loaded shared library C:\Program Files\Java\jdk-23\bin\net.dll
Event: 0.055 Loaded shared library C:\Program Files\Java\jdk-23\bin\nio.dll
Event: 0.058 Loaded shared library C:\Program Files\Java\jdk-23\bin\zip.dll
Event: 0.067 Loaded shared library C:\Program Files\JetBrains\IntelliJ IDEA 2024.2.3\bin\breakgen64.dll
Event: 0.072 Loaded shared library C:\Program Files\Java\jdk-23\bin\extnet.dll
Event: 0.074 Loaded shared library C:\Program Files\Java\jdk-23\bin\jimage.dll
Event: 0.084 Loaded shared library C:\Program Files\Java\jdk-23\bin\awt.dll
Event: 0.336 Loaded shared library C:\Program Files\Java\jdk-23\bin\sunmscapi.dll
Event: 0.457 Loaded shared library C:\Program Files\Java\jdk-23\bin\mssql-jdbc_auth-12.8.1.x64.dll
Event: 0.754 Loaded shared library C:\Program Files\Java\jdk-23\bin\javajpeg.dll
Event: 0.875 Loaded shared library C:\Program Files\Java\jdk-23\bin\freetype.dll
Event: 0.876 Loaded shared library C:\Program Files\Java\jdk-23\bin\fontmanager.dll
Event: 2.282 Loaded shared library C:\Program Files\Java\jdk-23\bin\lcms.dll

Deoptimization events (20 events):
Event: 3.434 Thread 0x0000028a69d77320 DEOPT PACKING pc=0x0000028a593feba4 sp=0x000000af998fdc10
Event: 3.435 Thread 0x0000028a69d77320 DEOPT UNPACKING pc=0x0000028a58c44402 sp=0x000000af998fdb30 mode 2
Event: 3.436 Thread 0x0000028a69d77320 Uncommon trap: trap_request=0xffffffbe fr.pc=0x0000028a593cc024 relative=0x0000000000001b04
Event: 3.436 Thread 0x0000028a69d77320 Uncommon trap: reason=profile_predicate action=maybe_recompile pc=0x0000028a593cc024 method=java.awt.image.AreaAveragingScaleFilter.accumPixels(IIIILjava/awt/image/ColorModel;Ljava/lang/Object;II)V @ 164 c2
Event: 3.436 Thread 0x0000028a69d77320 DEOPT PACKING pc=0x0000028a593cc024 sp=0x000000af998fdc00
Event: 3.436 Thread 0x0000028a69d77320 DEOPT UNPACKING pc=0x0000028a58c44402 sp=0x000000af998fdb68 mode 2
Event: 3.439 Thread 0x0000028a69d77320 Uncommon trap: trap_request=0xffffffbe fr.pc=0x0000028a593cc024 relative=0x0000000000001b04
Event: 3.439 Thread 0x0000028a69d77320 Uncommon trap: reason=profile_predicate action=maybe_recompile pc=0x0000028a593cc024 method=java.awt.image.AreaAveragingScaleFilter.accumPixels(IIIILjava/awt/image/ColorModel;Ljava/lang/Object;II)V @ 164 c2
Event: 3.439 Thread 0x0000028a69d77320 DEOPT PACKING pc=0x0000028a593cc024 sp=0x000000af998fdc00
Event: 3.439 Thread 0x0000028a69d77320 DEOPT UNPACKING pc=0x0000028a58c44402 sp=0x000000af998fdb68 mode 2
Event: 3.442 Thread 0x0000028a69d77320 Uncommon trap: trap_request=0xffffffbe fr.pc=0x0000028a593cc024 relative=0x0000000000001b04
Event: 3.442 Thread 0x0000028a69d77320 Uncommon trap: reason=profile_predicate action=maybe_recompile pc=0x0000028a593cc024 method=java.awt.image.AreaAveragingScaleFilter.accumPixels(IIIILjava/awt/image/ColorModel;Ljava/lang/Object;II)V @ 164 c2
Event: 3.442 Thread 0x0000028a69d77320 DEOPT PACKING pc=0x0000028a593cc024 sp=0x000000af998fdc00
Event: 3.442 Thread 0x0000028a69d77320 DEOPT UNPACKING pc=0x0000028a58c44402 sp=0x000000af998fdb68 mode 2
Event: 3.446 Thread 0x0000028a69d77320 Uncommon trap: trap_request=0xffffffbe fr.pc=0x0000028a593cc024 relative=0x0000000000001b04
Event: 3.446 Thread 0x0000028a69d77320 Uncommon trap: reason=profile_predicate action=maybe_recompile pc=0x0000028a593cc024 method=java.awt.image.AreaAveragingScaleFilter.accumPixels(IIIILjava/awt/image/ColorModel;Ljava/lang/Object;II)V @ 164 c2
Event: 3.446 Thread 0x0000028a69d77320 DEOPT PACKING pc=0x0000028a593cc024 sp=0x000000af998fdc00
Event: 3.446 Thread 0x0000028a69d77320 DEOPT UNPACKING pc=0x0000028a58c44402 sp=0x000000af998fdb68 mode 2
Event: 4.228 Thread 0x0000028a69d77320 DEOPT PACKING pc=0x0000028a51caec7f sp=0x000000af998fdb50
Event: 4.228 Thread 0x0000028a69d77320 DEOPT UNPACKING pc=0x0000028a58c44b22 sp=0x000000af998fd010 mode 0

Classes loaded (20 events):
Event: 3.429 Loading class sun/awt/geom/AreaOp done
Event: 3.429 Loading class sun/awt/geom/AreaOp$NZWindOp done
Event: 3.429 Loading class sun/awt/geom/AreaOp$1
Event: 3.429 Loading class sun/awt/geom/AreaOp$1 done
Event: 3.429 Loading class sun/awt/geom/CurveLink
Event: 3.429 Loading class sun/awt/geom/CurveLink done
Event: 3.429 Loading class sun/awt/geom/ChainEnd
Event: 3.429 Loading class sun/awt/geom/ChainEnd done
Event: 3.429 Loading class sun/awt/geom/Edge
Event: 3.429 Loading class sun/awt/geom/Edge done
Event: 3.430 Loading class sun/awt/geom/AreaOp$IntOp
Event: 3.430 Loading class sun/awt/geom/AreaOp$CAGOp
Event: 3.430 Loading class sun/awt/geom/AreaOp$CAGOp done
Event: 3.430 Loading class sun/awt/geom/AreaOp$IntOp done
Event: 3.434 Loading class javax/swing/plaf/metal/MetalUtils$OceanDisabledButtonImageFilter
Event: 3.434 Loading class java/awt/image/RGBImageFilter
Event: 3.434 Loading class java/awt/image/RGBImageFilter done
Event: 3.434 Loading class javax/swing/plaf/metal/MetalUtils$OceanDisabledButtonImageFilter done
Event: 3.434 Loading class sun/swing/ImageIconUIResource
Event: 3.434 Loading class sun/swing/ImageIconUIResource done

Classes unloaded (0 events):
No events

Classes redefined (0 events):
No events

Internal exceptions (20 events):
Event: 0.234 Thread 0x0000028a46c666d0 Exception <a 'java/lang/NoSuchMethodError'{0x0000000713f7dc88}: 'java.lang.Object java.lang.invoke.DirectMethodHandle$Holder.newInvokeSpecial(java.lang.Object, long)'> (0x0000000713f7dc88) 
thrown [s\open\src\hotspot\share\interpreter\linkResolver.cpp, line 796]
Event: 0.276 Thread 0x0000028a46c666d0 Exception <a 'java/lang/NoSuchMethodError'{0x0000000713cfac50}: 'java.lang.Object java.lang.invoke.DirectMethodHandle$Holder.invokeVirtual(java.lang.Object, java.lang.Object, java.lang.Object, java.lang.Object)'> (0x0000000713cfac50) 
thrown [s\open\src\hotspot\share\interpreter\linkResolver.cpp, line 796]
Event: 0.279 Thread 0x0000028a46c666d0 Exception <a 'java/lang/NoSuchMethodError'{0x0000000713d10318}: 'java.lang.Object java.lang.invoke.DirectMethodHandle$Holder.invokeStaticInit(java.lang.Object, int, int, int, int)'> (0x0000000713d10318) 
thrown [s\open\src\hotspot\share\interpreter\linkResolver.cpp, line 796]
Event: 0.290 Thread 0x0000028a46c666d0 Exception <a 'java/lang/NoSuchMethodError'{0x0000000713df12a0}: 'java.lang.Object java.lang.invoke.DirectMethodHandle$Holder.invokeStaticInit(java.lang.Object, java.lang.Object, int, int, int, int)'> (0x0000000713df12a0) 
thrown [s\open\src\hotspot\share\interpreter\linkResolver.cpp, line 796]
Event: 0.303 Thread 0x0000028a46c666d0 Exception <a 'sun/nio/fs/WindowsException'{0x0000000713a705e8}> (0x0000000713a705e8) 
thrown [s\open\src\hotspot\share\prims\jni.cpp, line 520]
Event: 0.690 Thread 0x0000028a69d77320 Exception <a 'java/lang/NoSuchMethodError'{0x000000071363a140}: 'void java.lang.invoke.DirectMethodHandle$Holder.invokeSpecial(java.lang.Object, java.lang.Object, java.lang.Object)'> (0x000000071363a140) 
thrown [s\open\src\hotspot\share\interpreter\linkResolver.cpp, line 796]
Event: 0.696 Thread 0x0000028a69d77320 Exception <a 'java/lang/NoSuchMethodError'{0x00000007137088f0}: 'java.lang.Object java.lang.invoke.DirectMethodHandle$Holder.invokeStatic(java.lang.Object, int, java.lang.Object)'> (0x00000007137088f0) 
thrown [s\open\src\hotspot\share\interpreter\linkResolver.cpp, line 796]
Event: 0.711 Thread 0x0000028a69d77320 Exception <a 'java/lang/ClassNotFoundException'{0x00000007137aa358}: com/sun/swing/internal/plaf/metal/resources/spi/metalProvider> (0x00000007137aa358) 
thrown [s\open\src\hotspot\share\classfile\systemDictionary.cpp, line 313]
Event: 0.712 Thread 0x0000028a69d77320 Exception <a 'java/lang/ClassNotFoundException'{0x00000007137ae338}: com/sun/swing/internal/plaf/basic/resources/spi/basicProvider> (0x00000007137ae338) 
thrown [s\open\src\hotspot\share\classfile\systemDictionary.cpp, line 313]
Event: 0.718 Thread 0x0000028a69d77320 Exception <a 'java/lang/NoSuchMethodError'{0x00000007137ce3d8}: 'int java.lang.invoke.Invokers$Holder.invokeExact_MT(java.lang.Object, java.lang.Object)'> (0x00000007137ce3d8) 
thrown [s\open\src\hotspot\share\interpreter\linkResolver.cpp, line 796]
Event: 0.719 Thread 0x0000028a69d77320 Implicit null exception at 0x0000028a593a7c8d to 0x0000028a593a7ea0
Event: 0.719 Thread 0x0000028a69d77320 Implicit null exception at 0x0000028a5937318d to 0x0000028a593733a0
Event: 0.726 Thread 0x0000028a6af33bc0 Implicit null exception at 0x0000028a59378f94 to 0x0000028a593796e8
Event: 0.726 Thread 0x0000028a6af33bc0 Implicit null exception at 0x0000028a59378590 to 0x0000028a59378cdc
Event: 0.756 Thread 0x0000028a6af33bc0 Exception <a 'java/lang/NoSuchMethodError'{0x0000000713589300}: 'java.lang.Object java.lang.invoke.DirectMethodHandle$Holder.newInvokeSpecial(java.lang.Object, java.lang.Object, java.lang.Object, int, int, int, int, int)'> (0x0000000713589300) 
thrown [s\open\src\hotspot\share\interpreter\linkResolver.cpp, line 796]
Event: 0.873 Thread 0x0000028a69d77320 Exception <a 'java/lang/NoSuchMethodError'{0x00000007146b5760}: 'void java.lang.invoke.DirectMethodHandle$Holder.invokeStaticInit(java.lang.Object)'> (0x00000007146b5760) 
thrown [s\open\src\hotspot\share\interpreter\linkResolver.cpp, line 796]
Event: 0.948 Thread 0x0000028a6af33bc0 Implicit null exception at 0x0000028a593ba265 to 0x0000028a593bbcf4
Event: 0.949 Thread 0x0000028a6af33bc0 Implicit null exception at 0x0000028a593b4e1a to 0x0000028a593b4fa8
Event: 2.105 Thread 0x0000028a69d77320 Implicit null exception at 0x0000028a593b8b0e to 0x0000028a593b8fc8
Event: 2.265 Thread 0x0000028a69d77320 Exception <a 'java/lang/NoSuchMethodError'{0x0000000713fd59f0}: 'void java.lang.invoke.DirectMethodHandle$Holder.invokeSpecial(java.lang.Object, java.lang.Object, java.lang.Object, java.lang.Object, java.lang.Object)'> (0x0000000713fd59f0) 
thrown [s\open\src\hotspot\share\interpreter\linkResolver.cpp, line 796]

VM Operations (20 events):
Event: 2.053 Executing VM operation: HandshakeAllThreads (Deoptimize) done
Event: 2.102 Executing VM operation: HandshakeAllThreads (Deoptimize)
Event: 2.102 Executing VM operation: HandshakeAllThreads (Deoptimize) done
Event: 2.241 Executing VM operation: G1CollectForAllocation (G1 Evacuation Pause)
Event: 2.245 Executing VM operation: G1CollectForAllocation (G1 Evacuation Pause) done
Event: 2.524 Executing VM operation: G1CollectForAllocation (G1 Evacuation Pause)
Event: 2.526 Executing VM operation: G1CollectForAllocation (G1 Evacuation Pause) done
Event: 2.581 Executing VM operation: G1CollectForAllocation (G1 Evacuation Pause)
Event: 2.582 Executing VM operation: G1CollectForAllocation (G1 Evacuation Pause) done
Event: 2.674 Executing VM operation: G1CollectForAllocation (G1 Evacuation Pause)
Event: 2.676 Executing VM operation: G1CollectForAllocation (G1 Evacuation Pause) done
Event: 2.798 Executing VM operation: G1CollectForAllocation (G1 Evacuation Pause)
Event: 2.800 Executing VM operation: G1CollectForAllocation (G1 Evacuation Pause) done
Event: 3.417 Executing VM operation: HandshakeAllThreads (Deoptimize)
Event: 3.417 Executing VM operation: HandshakeAllThreads (Deoptimize) done
Event: 4.119 Executing VM operation: G1CollectForAllocation (G1 Evacuation Pause)
Event: 4.122 Executing VM operation: G1CollectForAllocation (G1 Evacuation Pause) done
Event: 4.248 Executing VM operation: G1CollectForAllocation (G1 Evacuation Pause)
Event: 4.250 Executing VM operation: G1CollectForAllocation (G1 Evacuation Pause) done
Event: 4.402 Executing VM operation: G1CollectForAllocation (G1 Evacuation Pause)

Memory protections (0 events):
No events

Nmethod flushes (0 events):
No events

Events (20 events):
Event: 2.190 Thread 0x0000028a451c9c70 Thread added: 0x0000028a6b6eba40
Event: 2.208 Thread 0x0000028a45474e40 Thread added: 0x0000028a6b6ec110
Event: 2.208 Thread 0x0000028a45474e40 Thread added: 0x0000028a6b6e9f00
Event: 2.755 Thread 0x0000028a6b6e9f00 Thread exited: 0x0000028a6b6e9f00
Event: 2.755 Thread 0x0000028a6b6eba40 Thread exited: 0x0000028a6b6eba40
Event: 2.755 Thread 0x0000028a6b6ec110 Thread exited: 0x0000028a6b6ec110
Event: 2.755 Thread 0x0000028a6b6e9830 Thread exited: 0x0000028a6b6e9830
Event: 2.755 Thread 0x0000028a6b6eb370 Thread exited: 0x0000028a6b6eb370
Event: 2.760 Thread 0x0000028a45474e40 Thread added: 0x0000028a6b6e9f00
Event: 2.772 Thread 0x0000028a451c67f0 Thread added: 0x0000028a6b6ea5d0
Event: 3.081 Thread 0x0000028a6b6ea5d0 Thread exited: 0x0000028a6b6ea5d0
Event: 3.292 Thread 0x0000028a6b6e9f00 Thread exited: 0x0000028a6b6e9f00
Event: 3.292 Thread 0x0000028a6b75a270 Thread exited: 0x0000028a6b75a270
Event: 3.292 Thread 0x0000028a6b6f4d50 Thread exited: 0x0000028a6b6f4d50
Event: 3.420 Thread 0x0000028a694e66a0 Thread added: 0x0000028a6b6e9830
Event: 3.420 Thread 0x0000028a694e66a0 Thread added: 0x0000028a6b6ea5d0
Event: 3.657 Thread 0x0000028a6b6ea5d0 Thread exited: 0x0000028a6b6ea5d0
Event: 3.657 Thread 0x0000028a6b6e9830 Thread exited: 0x0000028a6b6e9830
Event: 4.085 Thread 0x0000028a694df2d0 Thread added: 0x0000028a739d9c40
Event: 4.368 Thread 0x0000028a739d9c40 Thread exited: 0x0000028a739d9c40


Dynamic libraries:
0x00007ff6aa470000 - 0x00007ff6aa480000 	C:\Program Files\Java\jdk-23\bin\java.exe
0x00007ffa8bfd0000 - 0x00007ffa8c1e7000 	C:\WINDOWS\SYSTEM32\ntdll.dll
0x00007ffa8b2d0000 - 0x00007ffa8b394000 	C:\WINDOWS\System32\KERNEL32.DLL
0x00007ffa894f0000 - 0x00007ffa898c0000 	C:\WINDOWS\System32\KERNELBASE.dll
0x00007ffa898f0000 - 0x00007ffa89a01000 	C:\WINDOWS\System32\ucrtbase.dll
0x00007ffa7bfb0000 - 0x00007ffa7bfc7000 	C:\Program Files\Java\jdk-23\bin\jli.dll
0x00007ffa7bad0000 - 0x00007ffa7baeb000 	C:\Program Files\Java\jdk-23\bin\VCRUNTIME140.dll
0x00007ffa8ba00000 - 0x00007ffa8bbae000 	C:\WINDOWS\System32\USER32.dll
0x00007ffa898c0000 - 0x00007ffa898e6000 	C:\WINDOWS\System32\win32u.dll
0x00007ffa7b4f0000 - 0x00007ffa7b782000 	C:\WINDOWS\WinSxS\amd64_microsoft.windows.common-controls_6595b64144ccf1df_6.0.22621.4830_none_270fe7d773858e80\COMCTL32.dll
0x00007ffa8b640000 - 0x00007ffa8b669000 	C:\WINDOWS\System32\GDI32.dll
0x00007ffa89280000 - 0x00007ffa8939b000 	C:\WINDOWS\System32\gdi32full.dll
0x00007ffa89cc0000 - 0x00007ffa89d67000 	C:\WINDOWS\System32\msvcrt.dll
0x00007ffa893d0000 - 0x00007ffa8946a000 	C:\WINDOWS\System32\msvcp_win.dll
0x00007ffa8b540000 - 0x00007ffa8b571000 	C:\WINDOWS\System32\IMM32.DLL
0x00007ffa816b0000 - 0x00007ffa816bc000 	C:\Program Files\Java\jdk-23\bin\vcruntime140_1.dll
0x00007ffa795c0000 - 0x00007ffa7964e000 	C:\Program Files\Java\jdk-23\bin\msvcp140.dll
0x00007ffa368e0000 - 0x00007ffa3762f000 	C:\Program Files\Java\jdk-23\bin\server\jvm.dll
0x00007ffa8b580000 - 0x00007ffa8b631000 	C:\WINDOWS\System32\ADVAPI32.dll
0x00007ffa8be90000 - 0x00007ffa8bf37000 	C:\WINDOWS\System32\sechost.dll
0x00007ffa893a0000 - 0x00007ffa893c8000 	C:\WINDOWS\System32\bcrypt.dll
0x00007ffa8a980000 - 0x00007ffa8aa94000 	C:\WINDOWS\System32\RPCRT4.dll
0x00007ffa8b410000 - 0x00007ffa8b481000 	C:\WINDOWS\System32\WS2_32.dll
0x00007ffa880e0000 - 0x00007ffa8812d000 	C:\WINDOWS\SYSTEM32\POWRPROF.dll
0x00007ffa7edc0000 - 0x00007ffa7edca000 	C:\WINDOWS\SYSTEM32\VERSION.dll
0x00007ffa83330000 - 0x00007ffa83364000 	C:\WINDOWS\SYSTEM32\WINMM.dll
0x00007ffa880c0000 - 0x00007ffa880d3000 	C:\WINDOWS\SYSTEM32\UMPDC.dll
0x00007ffa882d0000 - 0x00007ffa882e8000 	C:\WINDOWS\SYSTEM32\kernel.appcore.dll
0x00007ffa7bf40000 - 0x00007ffa7bf4a000 	C:\Program Files\Java\jdk-23\bin\jimage.dll
0x00007ffa866d0000 - 0x00007ffa86902000 	C:\WINDOWS\SYSTEM32\DBGHELP.DLL
0x00007ffa8b670000 - 0x00007ffa8ba00000 	C:\WINDOWS\System32\combase.dll
0x00007ffa89f30000 - 0x00007ffa8a007000 	C:\WINDOWS\System32\OLEAUT32.dll
0x00007ffa7cf70000 - 0x00007ffa7cfa2000 	C:\WINDOWS\SYSTEM32\dbgcore.DLL
0x00007ffa89470000 - 0x00007ffa894eb000 	C:\WINDOWS\System32\bcryptPrimitives.dll
0x00007ffa7ac20000 - 0x00007ffa7ac2f000 	C:\Program Files\Java\jdk-23\bin\instrument.dll
0x00007ffa7a290000 - 0x00007ffa7a2ae000 	C:\Program Files\Java\jdk-23\bin\java.dll
0x00007ffa8bbd0000 - 0x00007ffa8bd71000 	C:\WINDOWS\System32\ole32.dll
0x00007ffa8a010000 - 0x00007ffa8a888000 	C:\WINDOWS\System32\SHELL32.dll
0x00007ffa87190000 - 0x00007ffa87aa0000 	C:\WINDOWS\SYSTEM32\windows.storage.dll
0x00007ffa87050000 - 0x00007ffa8718f000 	C:\WINDOWS\SYSTEM32\wintypes.dll
0x00007ffa8ad30000 - 0x00007ffa8ae3a000 	C:\WINDOWS\System32\SHCORE.dll
0x00007ffa8b3a0000 - 0x00007ffa8b3fe000 	C:\WINDOWS\System32\shlwapi.dll
0x00007ffa891b0000 - 0x00007ffa891db000 	C:\WINDOWS\SYSTEM32\profapi.dll
0x00007ffa794e0000 - 0x00007ffa795b7000 	C:\Program Files\Java\jdk-23\bin\jsvml.dll
0x00007ffa7a270000 - 0x00007ffa7a287000 	C:\Program Files\Java\jdk-23\bin\zip.dll
0x00007ffa7ac10000 - 0x00007ffa7ac20000 	C:\Program Files\Java\jdk-23\bin\net.dll
0x00007ffa887e0000 - 0x00007ffa8884a000 	C:\WINDOWS\system32\mswsock.dll
0x00007ffa79880000 - 0x00007ffa79896000 	C:\Program Files\Java\jdk-23\bin\nio.dll
0x00007ffa79730000 - 0x00007ffa7974a000 	C:\Program Files\JetBrains\IntelliJ IDEA 2024.2.3\bin\breakgen64.dll
0x00007ffa797d0000 - 0x00007ffa797d9000 	C:\Program Files\Java\jdk-23\bin\extnet.dll
0x00007ffa48580000 - 0x00007ffa4870e000 	C:\Program Files\Java\jdk-23\bin\awt.dll
0x00007ffa81fe0000 - 0x00007ffa82077000 	C:\WINDOWS\SYSTEM32\apphelp.dll
0x00007ffa2df30000 - 0x00007ffa2df47000 	C:\WINDOWS\system32\napinsp.dll
0x00007ffa2df10000 - 0x00007ffa2df2b000 	C:\WINDOWS\system32\pnrpnsp.dll
0x00007ffa87de0000 - 0x00007ffa87ee2000 	C:\WINDOWS\SYSTEM32\DNSAPI.dll
0x00007ffa87d70000 - 0x00007ffa87d9d000 	C:\WINDOWS\SYSTEM32\IPHLPAPI.DLL
0x00007ffa8ae40000 - 0x00007ffa8ae49000 	C:\WINDOWS\System32\NSI.dll
0x00007ffa2ce50000 - 0x00007ffa2ce61000 	C:\WINDOWS\System32\winrnr.dll
0x00007ffa4c130000 - 0x00007ffa4c145000 	C:\WINDOWS\system32\wshbth.dll
0x00007ffa66630000 - 0x00007ffa66657000 	C:\WINDOWS\system32\nlansp_c.dll
0x00007ffa826c0000 - 0x00007ffa826ca000 	C:\Windows\System32\rasadhlp.dll
0x00007ffa81540000 - 0x00007ffa815c3000 	C:\WINDOWS\System32\fwpuclnt.dll
0x00007ffa88b30000 - 0x00007ffa88b4b000 	C:\WINDOWS\SYSTEM32\CRYPTSP.dll
0x00007ffa882f0000 - 0x00007ffa88325000 	C:\WINDOWS\system32\rsaenh.dll
0x00007ffa88880000 - 0x00007ffa888a8000 	C:\WINDOWS\SYSTEM32\USERENV.dll
0x00007ffa88b10000 - 0x00007ffa88b1c000 	C:\WINDOWS\SYSTEM32\CRYPTBASE.dll
0x00007ffa79660000 - 0x00007ffa7966e000 	C:\Program Files\Java\jdk-23\bin\sunmscapi.dll
0x00007ffa89a10000 - 0x00007ffa89b76000 	C:\WINDOWS\System32\CRYPT32.dll
0x00007ffa88c20000 - 0x00007ffa88c4d000 	C:\WINDOWS\SYSTEM32\ncrypt.dll
0x00007ffa88be0000 - 0x00007ffa88c17000 	C:\WINDOWS\SYSTEM32\NTASN1.dll
0x00007ffa530d0000 - 0x00007ffa5311d000 	C:\Program Files\Java\jdk-23\bin\mssql-jdbc_auth-12.8.1.x64.dll
0x00007ffa88160000 - 0x00007ffa8816c000 	C:\WINDOWS\system32\secur32.dll
0x00007ffa885d0000 - 0x00007ffa88613000 	C:\WINDOWS\SYSTEM32\SSPICLI.DLL
0x00007ffa888b0000 - 0x00007ffa889d4000 	C:\WINDOWS\system32\kerberos.DLL
0x00007ffa88f20000 - 0x00007ffa88f32000 	C:\WINDOWS\SYSTEM32\MSASN1.dll
0x00007ffa88740000 - 0x00007ffa887d6000 	C:\WINDOWS\system32\msv1_0.DLL
0x00007ffa88b80000 - 0x00007ffa88b8e000 	C:\WINDOWS\SYSTEM32\NtlmShared.dll
0x00007ffa0ad60000 - 0x00007ffa0ad8a000 	C:\WINDOWS\system32\ntdsapi.dll
0x00007ffa83900000 - 0x00007ffa839b1000 	C:\WINDOWS\system32\uxtheme.dll
0x00007ffa8abd0000 - 0x00007ffa8ad2f000 	C:\WINDOWS\System32\MSCTF.dll
0x00007ffa83b90000 - 0x00007ffa83bbb000 	C:\WINDOWS\system32\DWMAPI.DLL
0x00007ffa47560000 - 0x00007ffa47660000 	C:\WINDOWS\system32\opengl32.dll
0x00007ffa797a0000 - 0x00007ffa797cd000 	C:\WINDOWS\SYSTEM32\GLU32.dll
0x00007ffa865a0000 - 0x00007ffa865d7000 	C:\WINDOWS\SYSTEM32\dxcore.dll
0x00007ffa431e0000 - 0x00007ffa43388000 	C:\WINDOWS\system32\d3d9.dll
0x00007ffa7d7e0000 - 0x00007ffa7d8a2000 	C:\WINDOWS\System32\DriverStore\FileRepository\nvdmi.inf_amd64_14aeb858ec64f1a3\nvldumdx.dll
0x00007ffa7dfd0000 - 0x00007ffa7e002000 	C:\WINDOWS\SYSTEM32\cryptnet.dll
0x00007ffa88a60000 - 0x00007ffa88aaa000 	C:\WINDOWS\SYSTEM32\wldp.dll
0x00007ffa7dcc0000 - 0x00007ffa7de23000 	C:\WINDOWS\SYSTEM32\drvstore.dll
0x00007ffa88f40000 - 0x00007ffa88f6c000 	C:\WINDOWS\SYSTEM32\devobj.dll
0x00007ffa88f70000 - 0x00007ffa88fbe000 	C:\WINDOWS\SYSTEM32\cfgmgr32.dll
0x00007ffa89b80000 - 0x00007ffa89bf2000 	C:\WINDOWS\System32\wintrust.dll
0x00007ffa8bbb0000 - 0x00007ffa8bbcf000 	C:\WINDOWS\System32\imagehlp.dll
0x00007ffa728a0000 - 0x00007ffa7603a000 	C:\WINDOWS\System32\DriverStore\FileRepository\nvdmi.inf_amd64_14aeb858ec64f1a3\nvgpucomp64.dll
0x00007ffa7b990000 - 0x00007ffa7ba67000 	C:\WINDOWS\System32\DriverStore\FileRepository\nvdmi.inf_amd64_14aeb858ec64f1a3\NvMemMapStoragex.dll
0x00007ff9fbcb0000 - 0x00007ff9fdd77000 	C:\WINDOWS\System32\DriverStore\FileRepository\nvdmi.inf_amd64_14aeb858ec64f1a3\nvd3dumx.dll
0x00007ffa7f530000 - 0x00007ffa7f579000 	C:\WINDOWS\SYSTEM32\directxdatabasehelper.dll
0x00007ffa49c60000 - 0x00007ffa49d10000 	C:\WINDOWS\SYSTEM32\d3d9on12.dll
0x00007ffa707f0000 - 0x00007ffa70816000 	C:\WINDOWS\SYSTEM32\d3d12.dll
0x00007ffa83a80000 - 0x00007ffa83b77000 	C:\WINDOWS\SYSTEM32\dxgi.dll
0x00007ffa3db00000 - 0x00007ffa3dd02000 	C:\WINDOWS\SYSTEM32\D3D12Core.dll
0x00007ffa48480000 - 0x00007ffa48573000 	C:\WINDOWS\System32\DriverStore\FileRepository\iigd_dch.inf_amd64_bcc3ca7fdd6d5f38\igd12umd64.dll
0x00007ffa32a10000 - 0x00007ffa33c95000 	C:\WINDOWS\System32\DriverStore\FileRepository\iigd_dch.inf_amd64_bcc3ca7fdd6d5f38\igd12um64xel.dll
0x00007ffa1d150000 - 0x00007ffa1d199000 	C:\WINDOWS\SYSTEM32\ControlLib.dll
0x00007ffa78fe0000 - 0x00007ffa79071000 	C:\WINDOWS\System32\DriverStore\FileRepository\iigd_dch.inf_amd64_bcc3ca7fdd6d5f38\IntelControlLib.dll
0x00007ffa78ba0000 - 0x00007ffa78fde000 	C:\WINDOWS\System32\DriverStore\FileRepository\iigd_dch.inf_amd64_bcc3ca7fdd6d5f38\igdgmm64.dll
0x00007ffa66f60000 - 0x00007ffa6afb4000 	C:\WINDOWS\System32\DriverStore\FileRepository\iigd_dch.inf_amd64_bcc3ca7fdd6d5f38\igc64.dll
0x00007ffa5eb10000 - 0x00007ffa5eb3f000 	C:\WINDOWS\SYSTEM32\D3DSCache.dll
0x00007ffa344b0000 - 0x00007ffa347bc000 	C:\WINDOWS\System32\DriverStore\FileRepository\iigd_dch.inf_amd64_bcc3ca7fdd6d5f38\igd12dxva64.dll
0x00007ffa8ae50000 - 0x00007ffa8b2c4000 	C:\WINDOWS\System32\SETUPAPI.dll
0x00007ffa001a0000 - 0x00007ffa0137d000 	C:\WINDOWS\System32\DriverStore\FileRepository\iigd_dch.inf_amd64_bcc3ca7fdd6d5f38\igddxvacommon64.dll
0x00007ff9fe470000 - 0x00007ffa0019b000 	C:\WINDOWS\System32\DriverStore\FileRepository\iigd_dch.inf_amd64_bcc3ca7fdd6d5f38\media_bin_64.dll
0x00007ffa707c0000 - 0x00007ffa707e7000 	C:\WINDOWS\System32\DriverStore\FileRepository\iigd_dch.inf_amd64_bcc3ca7fdd6d5f38\igdinfo64.dll
0x00007ffa7cac0000 - 0x00007ffa7cd65000 	C:\WINDOWS\SYSTEM32\twinapi.appcore.dll
0x00007ffa43eb0000 - 0x00007ffa441b4000 	C:\WINDOWS\system32\nvspcap64.dll
0x00007ffa88480000 - 0x00007ffa884b4000 	C:\WINDOWS\SYSTEM32\ntmarta.dll
0x00007ffa88850000 - 0x00007ffa88876000 	C:\WINDOWS\SYSTEM32\gpapi.dll
0x00007ffa35c70000 - 0x00007ffa35e24000 	C:\WINDOWS\System32\DriverStore\FileRepository\nvdmi.inf_amd64_14aeb858ec64f1a3\nvppex.dll
0x00007ffa5eab0000 - 0x00007ffa5eade000 	C:\Program Files\Java\jdk-23\bin\javajpeg.dll
0x00007ffa4db30000 - 0x00007ffa4dbb7000 	C:\Program Files\Java\jdk-23\bin\freetype.dll
0x00007ffa45990000 - 0x00007ffa45a67000 	C:\Program Files\Java\jdk-23\bin\fontmanager.dll
0x00007ffa663e0000 - 0x00007ffa66526000 	C:\WINDOWS\SYSTEM32\textinputframework.dll
0x00007ffa81b70000 - 0x00007ffa81ca5000 	C:\WINDOWS\SYSTEM32\CoreMessaging.dll
0x00007ffa7e930000 - 0x00007ffa7ec9c000 	C:\WINDOWS\SYSTEM32\CoreUIComponents.dll
0x00007ffa5d6e0000 - 0x00007ffa5d720000 	C:\Program Files\Java\jdk-23\bin\lcms.dll

dbghelp: loaded successfully - version: 4.0.5 - missing functions: none
symbol engine: initialized successfully - sym options: 0x614 - pdb path: .;C:\Program Files\Java\jdk-23\bin;C:\WINDOWS\SYSTEM32;C:\WINDOWS\WinSxS\amd64_microsoft.windows.common-controls_6595b64144ccf1df_6.0.22621.4830_none_270fe7d773858e80;C:\Program Files\Java\jdk-23\bin\server;C:\Program Files\JetBrains\IntelliJ IDEA 2024.2.3\bin;C:\WINDOWS\System32\DriverStore\FileRepository\nvdmi.inf_amd64_14aeb858ec64f1a3;C:\WINDOWS\System32\DriverStore\FileRepository\iigd_dch.inf_amd64_bcc3ca7fdd6d5f38

VM Arguments:
jvm_args: -javaagent:C:\Program Files\JetBrains\IntelliJ IDEA 2024.2.3\lib\idea_rt.jar=64470:C:\Program Files\JetBrains\IntelliJ IDEA 2024.2.3\bin -Dfile.encoding=UTF-8 -Dsun.stdout.encoding=UTF-8 -Dsun.stderr.encoding=UTF-8 
java_command: Test
java_class_path (initial): C:\Users\Dell\Desktop\KartProject\out\production\Kart Project;C:\Users\Dell\Desktop\KartProject\lib\mssql-jdbc-12.8.1.jre11.jar
Launcher Type: SUN_STANDARD

[Global flags]
     intx CICompilerCount                          = 12                                        {product} {ergonomic}
     uint ConcGCThreads                            = 4                                         {product} {ergonomic}
     uint G1ConcRefinementThreads                  = 15                                        {product} {ergonomic}
   size_t G1HeapRegionSize                         = 2097152                                   {product} {ergonomic}
   size_t InitialHeapSize                          = 264241152                                 {product} {ergonomic}
   size_t MarkStackSize                            = 4194304                                   {product} {ergonomic}
   size_t MarkStackSizeMax                         = 536870912                                 {product} {ergonomic}
   size_t MaxHeapSize                              = 4213178368                                {product} {ergonomic}
   size_t MaxNewSize                               = 2527068160                                {product} {ergonomic}
   size_t MinHeapDeltaBytes                        = 2097152                                   {product} {ergonomic}
   size_t MinHeapSize                              = 8388608                                   {product} {ergonomic}
    uintx NonNMethodCodeHeapSize                   = 7602176                                {pd product} {ergonomic}
    uintx NonProfiledCodeHeapSize                  = 122093568                              {pd product} {ergonomic}
    uintx ProfiledCodeHeapSize                     = 121962496                              {pd product} {ergonomic}
    uintx ReservedCodeCacheSize                    = 251658240                              {pd product} {ergonomic}
     bool SegmentedCodeCache                       = true                                      {product} {ergonomic}
   size_t SoftMaxHeapSize                          = 4213178368                             {manageable} {ergonomic}
     bool UseCompressedOops                        = true                           {product lp64_product} {ergonomic}
     bool UseG1GC                                  = true                                      {product} {ergonomic}
     bool UseLargePagesIndividualAllocation        = false                                  {pd product} {ergonomic}

Logging:
Log output configuration:
 #0: stdout all=warning uptime,level,tags foldmultilines=false
 #1: stderr all=off uptime,level,tags foldmultilines=false

Environment Variables:
PATH=C:\Program Files\Microsoft MPI\Bin\;C:\Program Files\Common Files\Oracle\Java\javapath;C:\Windows\system32;C:\Windows;C:\Windows\System32\Wbem;C:\Windows\System32\WindowsPowerShell\v1.0\;C:\Windows\System32\OpenSSH\;C:\Program Files\dotnet\;C:\WINDOWS\system32;C:\WINDOWS;C:\WINDOWS\System32\Wbem;C:\WINDOWS\System32\WindowsPowerShell\v1.0\;C:\WINDOWS\System32\OpenSSH\;C:\Program Files (x86)\NVIDIA Corporation\PhysX\Common;C:\Program Files\Git\cmd;C:\Program Files\NVIDIA Corporation\NVIDIA app\NvDLISR;C:\Program Files (x86)\Microsoft SQL Server\160\Tools\Binn\;D:\Microsoft SQL Server\160\Tools\Binn\;D:\Microsoft SQL Server\Client SDK\ODBC\170\Tools\Binn\;D:\Microsoft SQL Server\160\DTS\Binn\;C:\Program Files (x86)\Microsoft SQL Server\160\DTS\Binn\;D:\Microsoft SQL Server\150\Tools\Binn\;C:\Users\Dell\AppData\Local\Programs\Python\Launcher\;C:\Users\Dell\AppData\Local\Microsoft\WindowsApps;C:\Program Files\JetBrains\PyCharm Community Edition 2023.3.3\bin;;C:\Users\Dell\AppData\Local\GitHubDesktop\bin;C:\Users\Dell\AppData\Roaming\Programs\Zero Install;C:\Program Files\JetBrains\IntelliJ IDEA 2024.2.3\bin;;C:\Users\Dell\.dotnet\tools
USERNAME=Furkan Aydemir
OS=Windows_NT
PROCESSOR_IDENTIFIER=Intel64 Family 6 Model 154 Stepping 3, GenuineIntel
TMP=C:\Users\Dell\AppData\Local\Temp
TEMP=C:\Users\Dell\AppData\Local\Temp




Periodic native trim disabled

---------------  S Y S T E M  ---------------

OS:
 Windows 11 , 64 bit Build 22621 (10.0.22621.4830)
OS uptime: 0 days 6:32 hours
Hyper-V role detected

CPU: total 20 (initial active 20) (10 cores per cpu, 2 threads per core) family 6 model 154 stepping 3 microcode 0x435, cx8, cmov, fxsr, ht, mmx, 3dnowpref, sse, sse2, sse3, ssse3, sse4.1, sse4.2, popcnt, lzcnt, tsc, tscinvbit, avx, avx2, aes, erms, clmul, bmi1, bmi2, adx, sha, fma, vzeroupper, clflush, clflushopt, clwb, hv, serialize, rdtscp, rdpid, fsrm, gfni, f16c, cet_ibt, cet_ss
Processor Information for processor 0
  Max Mhz: 2300, Current Mhz: 2300, Mhz Limit: 2300
Processor Information for processor 1
  Max Mhz: 2300, Current Mhz: 1506, Mhz Limit: 2300
Processor Information for processor 2
  Max Mhz: 2300, Current Mhz: 1506, Mhz Limit: 2300
Processor Information for processor 3
  Max Mhz: 2300, Current Mhz: 1506, Mhz Limit: 2300
Processor Information for processor 4
  Max Mhz: 2300, Current Mhz: 2300, Mhz Limit: 2300
Processor Information for processor 5
  Max Mhz: 2300, Current Mhz: 1506, Mhz Limit: 2300
Processor Information for processor 6
  Max Mhz: 2300, Current Mhz: 1506, Mhz Limit: 2300
Processor Information for processor 7
  Max Mhz: 2300, Current Mhz: 2300, Mhz Limit: 2300
Processor Information for processor 8
  Max Mhz: 2300, Current Mhz: 1506, Mhz Limit: 2300
Processor Information for processor 9
  Max Mhz: 2300, Current Mhz: 1506, Mhz Limit: 2300
Processor Information for processor 10
  Max Mhz: 2300, Current Mhz: 2300, Mhz Limit: 2300
Processor Information for processor 11
  Max Mhz: 2300, Current Mhz: 1506, Mhz Limit: 2300
Processor Information for processor 12
  Max Mhz: 2300, Current Mhz: 1488, Mhz Limit: 2300
Processor Information for processor 13
  Max Mhz: 2300, Current Mhz: 1488, Mhz Limit: 2300
Processor Information for processor 14
  Max Mhz: 2300, Current Mhz: 2300, Mhz Limit: 2300
Processor Information for processor 15
  Max Mhz: 2300, Current Mhz: 1488, Mhz Limit: 2300
Processor Information for processor 16
  Max Mhz: 2300, Current Mhz: 1488, Mhz Limit: 2300
Processor Information for processor 17
  Max Mhz: 2300, Current Mhz: 1488, Mhz Limit: 2300
Processor Information for processor 18
  Max Mhz: 2300, Current Mhz: 1488, Mhz Limit: 2300
Processor Information for processor 19
  Max Mhz: 2300, Current Mhz: 1488, Mhz Limit: 2300

Memory: 4k page, system-wide physical 16068M (3265M free)
TotalPageFile size 24260M (AvailPageFile size 55M)
current process WorkingSet (physical memory assigned to process): 378M, peak: 378M
current process commit charge ("private bytes"): 510M, peak: 562M

vm_info: Java HotSpot(TM) 64-Bit Server VM (23.0.1+11-39) for windows-amd64 JRE (23.0.1+11-39), built on 2024-09-30T07:20:43Z with MS VC++ 17.6 (VS2022)

END.
