#
# There is insufficient memory for the Java Runtime Environment to continue.
# Native memory allocation (mmap) failed to map 65536 bytes. Error detail: Failed to commit metaspace.
# Possible reasons:
#   The system is out of physical RAM or swap space
#   This process is running with CompressedOops enabled, and the Java Heap may be blocking the growth of the native heap
# Possible solutions:
#   Reduce memory load on the system
#   Increase physical memory or swap space
#   Check if swap backing store is full
#   Decrease Java heap size (-Xmx/-Xms)
#   Decrease number of Java threads
#   Decrease Java thread stack sizes (-Xss)
#   Set larger code cache with -XX:ReservedCodeCacheSize=
#   JVM is running with Zero Based Compressed Oops mode in which the Java heap is
#     placed in the first 32GB address space. The Java Heap base address is the
#     maximum limit for the native heap growth. Please use -XX:HeapBaseMinAddress
#     to set the Java Heap base and to place the Java Heap above 32GB virtual address.
# This output file may be truncated or incomplete.
#
#  Out of Memory Error (virtualSpaceNode.cpp:113), pid=7716, tid=32232
#
# JRE version: Java(TM) SE Runtime Environment (23.0.1+11) (build 23.0.1+11-39)
# Java VM: Java HotSpot(TM) 64-Bit Server VM (23.0.1+11-39, mixed mode, sharing, tiered, compressed oops, compressed class ptrs, g1 gc, windows-amd64)
# No core dump will be written. Minidumps are not enabled by default on client versions of Windows
#

---------------  S U M M A R Y ------------

Command Line: -javaagent:C:\Program Files\JetBrains\IntelliJ IDEA 2024.2.3\lib\idea_rt.jar=52682:C:\Program Files\JetBrains\IntelliJ IDEA 2024.2.3\bin -Dfile.encoding=UTF-8 -Dsun.stdout.encoding=UTF-8 -Dsun.stderr.encoding=UTF-8 Test

Host: 12th Gen Intel(R) Core(TM) i7-12700H, 20 cores, 15G,  Windows 11 , 64 bit Build 22621 (10.0.22621.4830)
Time: Wed Feb 19 20:49:00 2025 Türkiye Standart Saati elapsed time: 0.081796 seconds (0d 0h 0m 0s)

---------------  T H R E A D  ---------------

Current thread (0x000001b50656da20):  JavaThread "C1 CompilerThread3" daemon [_thread_in_vm, id=32232, stack(0x0000004aae400000,0x0000004aae500000) (1024K)]


Current CompileTask:
C1:81  219       3       java.util.HashMap$EntryIterator::next (5 bytes)

Stack: [0x0000004aae400000,0x0000004aae500000]
Native frames: (J=compiled Java code, j=interpreted, Vv=VM code, C=native code)
V  [jvm.dll+0x6e08b9]  (no source info available)
V  [jvm.dll+0x87dc83]  (no source info available)
V  [jvm.dll+0x88010e]  (no source info available)
V  [jvm.dll+0x8807e3]  (no source info available)
V  [jvm.dll+0x27aee6]  (no source info available)
V  [jvm.dll+0x87988e]  (no source info available)
V  [jvm.dll+0x682035]  (no source info available)
V  [jvm.dll+0x68209a]  (no source info available)
V  [jvm.dll+0x6848da]  (no source info available)
V  [jvm.dll+0x2219dc]  (no source info available)
V  [jvm.dll+0x682a4e]  (no source info available)
V  [jvm.dll+0x6940aa]  (no source info available)
V  [jvm.dll+0x68d102]  (no source info available)
V  [jvm.dll+0x1ee860]  (no source info available)
V  [jvm.dll+0x1eea48]  (no source info available)
V  [jvm.dll+0x150102]  (no source info available)
V  [jvm.dll+0x1504db]  (no source info available)
V  [jvm.dll+0x14f8a8]  (no source info available)
V  [jvm.dll+0x1516ed]  (no source info available)
V  [jvm.dll+0x253cf1]  (no source info available)
V  [jvm.dll+0x251faa]  (no source info available)
V  [jvm.dll+0x3ee036]  (no source info available)
V  [jvm.dll+0x824f8b]  (no source info available)
V  [jvm.dll+0x6df065]  (no source info available)
C  [ucrtbase.dll+0x29333]  (no source info available)
C  [KERNEL32.DLL+0x1259d]  (no source info available)
C  [ntdll.dll+0x5af38]  (no source info available)

Lock stack of current Java thread (top to bottom):


---------------  P R O C E S S  ---------------

Threads class SMR info:
_java_thread_list=0x000001b5065a7ca0, length=14, elements={
0x000001b563ae4e50, 0x000001b57f80f4b0, 0x000001b57f8102d0, 0x000001b57f8121d0,
0x000001b57f816f40, 0x000001b57f817c60, 0x000001b57f816220, 0x000001b5064603c0,
0x000001b57f829680, 0x000001b57f8182f0, 0x000001b50656c480, 0x000001b50656d360,
0x000001b50656da20, 0x000001b5065b0fa0
}

Java Threads: ( => current thread )
  0x000001b563ae4e50 JavaThread "main"                              [_thread_in_vm, id=32440, stack(0x0000004aad100000,0x0000004aad200000) (1024K)]
  0x000001b57f80f4b0 JavaThread "Reference Handler"          daemon [_thread_blocked, id=33008, stack(0x0000004aad900000,0x0000004aada00000) (1024K)]
  0x000001b57f8102d0 JavaThread "Finalizer"                  daemon [_thread_blocked, id=2748, stack(0x0000004aada00000,0x0000004aadb00000) (1024K)]
  0x000001b57f8121d0 JavaThread "Signal Dispatcher"          daemon [_thread_blocked, id=11044, stack(0x0000004aadb00000,0x0000004aadc00000) (1024K)]
  0x000001b57f816f40 JavaThread "Attach Listener"            daemon [_thread_blocked, id=26164, stack(0x0000004aadc00000,0x0000004aadd00000) (1024K)]
  0x000001b57f817c60 JavaThread "Service Thread"             daemon [_thread_blocked, id=28540, stack(0x0000004aadd00000,0x0000004aade00000) (1024K)]
  0x000001b57f816220 JavaThread "Monitor Deflation Thread"   daemon [_thread_blocked, id=8644, stack(0x0000004aade00000,0x0000004aadf00000) (1024K)]
  0x000001b5064603c0 JavaThread "C2 CompilerThread0"         daemon [_thread_blocked, id=21440, stack(0x0000004aadf00000,0x0000004aae000000) (1024K)]
  0x000001b57f829680 JavaThread "C1 CompilerThread0"         daemon [_thread_blocked, id=18312, stack(0x0000004aae000000,0x0000004aae100000) (1024K)]
  0x000001b57f8182f0 JavaThread "Common-Cleaner"             daemon [_thread_blocked, id=29340, stack(0x0000004aae100000,0x0000004aae200000) (1024K)]
  0x000001b50656c480 JavaThread "C1 CompilerThread1"         daemon [_thread_in_vm, id=29092, stack(0x0000004aae200000,0x0000004aae300000) (1024K)]
  0x000001b50656d360 JavaThread "C1 CompilerThread2"         daemon [_thread_blocked, id=13848, stack(0x0000004aae300000,0x0000004aae400000) (1024K)]
=>0x000001b50656da20 JavaThread "C1 CompilerThread3"         daemon [_thread_in_vm, id=32232, stack(0x0000004aae400000,0x0000004aae500000) (1024K)]
  0x000001b5065b0fa0 JavaThread "C2 CompilerThread1"         daemon [_thread_blocked, id=20160, stack(0x0000004aae500000,0x0000004aae600000) (1024K)]
Total: 14

Other Threads:
  0x000001b57f7f6930 VMThread "VM Thread"                           [id=31908, stack(0x0000004aad800000,0x0000004aad900000) (1024K)]
  0x000001b57f7dfb20 WatcherThread "VM Periodic Task Thread"        [id=4796, stack(0x0000004aad700000,0x0000004aad800000) (1024K)]
  0x000001b565fb56f0 WorkerThread "GC Thread#0"                     [id=25400, stack(0x0000004aad200000,0x0000004aad300000) (1024K)]
  0x000001b565fc9a40 ConcurrentGCThread "G1 Main Marker"            [id=27888, stack(0x0000004aad300000,0x0000004aad400000) (1024K)]
  0x000001b563badc30 WorkerThread "G1 Conc#0"                       [id=32316, stack(0x0000004aad400000,0x0000004aad500000) (1024K)]
  0x000001b56600eb70 ConcurrentGCThread "G1 Refine#0"               [id=26204, stack(0x0000004aad500000,0x0000004aad600000) (1024K)]
  0x000001b57f6b5780 ConcurrentGCThread "G1 Service"                [id=3940, stack(0x0000004aad600000,0x0000004aad700000) (1024K)]
Total: 7

Threads with active compile tasks:
C1 CompilerThread1  112  220       3       java.util.HashMap$EntryIterator::next (5 bytes)
C1 CompilerThread3  112  219       3       java.util.HashMap$EntryIterator::next (5 bytes)
Total: 2

VM state: not at safepoint (normal execution)

VM Mutex/Monitor currently owned by a thread:  ([mutex/lock_event])
[0x00007ffcfea91890] Metaspace_lock - owner thread: 0x000001b50656da20

Heap address: 0x0000000704e00000, size: 4018 MB, Compressed Oops mode: Zero based, Oop shift amount: 3

CDS archive(s) mapped at: [0x000001b507000000-0x000001b507d70000-0x000001b507d70000), size 14090240, SharedBaseAddress: 0x000001b507000000, ArchiveRelocationMode: 1.
Compressed class space mapped at: 0x000001b508000000-0x000001b548000000, reserved size: 1073741824
Narrow klass base: 0x000001b507000000, Narrow klass shift: 0, Narrow klass range: 0x41000000

GC Precious Log:
 CardTable entry size: 512
 Card Set container configuration: InlinePtr #cards 4 size 8 Array Of Cards #cards 16 size 48 Howl #buckets 8 coarsen threshold 3686 Howl Bitmap #cards 512 size 80 coarsen threshold 460 Card regions per heap region 1 cards per card region 4096
 CPUs: 20 total, 20 available
 Memory: 16068M
 Large Page Support: Disabled
 NUMA Support: Disabled
 Compressed Oops: Enabled (Zero based)
 Heap Region Size: 2M
 Heap Min Capacity: 8M
 Heap Initial Capacity: 252M
 Heap Max Capacity: 4018M
 Pre-touch: Disabled
 Parallel Workers: 15
 Concurrent Workers: 4
 Concurrent Refinement Workers: 15
 Periodic GC: Disabled

Heap:
 garbage-first heap   total reserved 4114432K, committed 258048K, used 2048K [0x0000000704e00000, 0x0000000800000000)
  region size 2048K, 2 young (4096K), 0 survivors (0K)
 Metaspace       used 338K, committed 512K, reserved 1114112K
  class space    used 16K, committed 128K, reserved 1048576K

Heap Regions: E=young(eden), S=young(survivor), O=old, HS=humongous(starts), HC=humongous(continues), CS=collection set, F=free, TAMS=top-at-mark-start, PB=parsable bottom
|   0|0x0000000704e00000, 0x0000000704e00000, 0x0000000705000000|  0%| F|  |TAMS 0x0000000704e00000| PB 0x0000000704e00000| Untracked |  0
|   1|0x0000000705000000, 0x0000000705000000, 0x0000000705200000|  0%| F|  |TAMS 0x0000000705000000| PB 0x0000000705000000| Untracked |  0
|   2|0x0000000705200000, 0x0000000705200000, 0x0000000705400000|  0%| F|  |TAMS 0x0000000705200000| PB 0x0000000705200000| Untracked |  0
|   3|0x0000000705400000, 0x0000000705400000, 0x0000000705600000|  0%| F|  |TAMS 0x0000000705400000| PB 0x0000000705400000| Untracked |  0
|   4|0x0000000705600000, 0x0000000705600000, 0x0000000705800000|  0%| F|  |TAMS 0x0000000705600000| PB 0x0000000705600000| Untracked |  0
|   5|0x0000000705800000, 0x0000000705800000, 0x0000000705a00000|  0%| F|  |TAMS 0x0000000705800000| PB 0x0000000705800000| Untracked |  0
|   6|0x0000000705a00000, 0x0000000705a00000, 0x0000000705c00000|  0%| F|  |TAMS 0x0000000705a00000| PB 0x0000000705a00000| Untracked |  0
|   7|0x0000000705c00000, 0x0000000705c00000, 0x0000000705e00000|  0%| F|  |TAMS 0x0000000705c00000| PB 0x0000000705c00000| Untracked |  0
|   8|0x0000000705e00000, 0x0000000705e00000, 0x0000000706000000|  0%| F|  |TAMS 0x0000000705e00000| PB 0x0000000705e00000| Untracked |  0
|   9|0x0000000706000000, 0x0000000706000000, 0x0000000706200000|  0%| F|  |TAMS 0x0000000706000000| PB 0x0000000706000000| Untracked |  0
|  10|0x0000000706200000, 0x0000000706200000, 0x0000000706400000|  0%| F|  |TAMS 0x0000000706200000| PB 0x0000000706200000| Untracked |  0
|  11|0x0000000706400000, 0x0000000706400000, 0x0000000706600000|  0%| F|  |TAMS 0x0000000706400000| PB 0x0000000706400000| Untracked |  0
|  12|0x0000000706600000, 0x0000000706600000, 0x0000000706800000|  0%| F|  |TAMS 0x0000000706600000| PB 0x0000000706600000| Untracked |  0
|  13|0x0000000706800000, 0x0000000706800000, 0x0000000706a00000|  0%| F|  |TAMS 0x0000000706800000| PB 0x0000000706800000| Untracked |  0
|  14|0x0000000706a00000, 0x0000000706a00000, 0x0000000706c00000|  0%| F|  |TAMS 0x0000000706a00000| PB 0x0000000706a00000| Untracked |  0
|  15|0x0000000706c00000, 0x0000000706c00000, 0x0000000706e00000|  0%| F|  |TAMS 0x0000000706c00000| PB 0x0000000706c00000| Untracked |  0
|  16|0x0000000706e00000, 0x0000000706e00000, 0x0000000707000000|  0%| F|  |TAMS 0x0000000706e00000| PB 0x0000000706e00000| Untracked |  0
|  17|0x0000000707000000, 0x0000000707000000, 0x0000000707200000|  0%| F|  |TAMS 0x0000000707000000| PB 0x0000000707000000| Untracked |  0
|  18|0x0000000707200000, 0x0000000707200000, 0x0000000707400000|  0%| F|  |TAMS 0x0000000707200000| PB 0x0000000707200000| Untracked |  0
|  19|0x0000000707400000, 0x0000000707400000, 0x0000000707600000|  0%| F|  |TAMS 0x0000000707400000| PB 0x0000000707400000| Untracked |  0
|  20|0x0000000707600000, 0x0000000707600000, 0x0000000707800000|  0%| F|  |TAMS 0x0000000707600000| PB 0x0000000707600000| Untracked |  0
|  21|0x0000000707800000, 0x0000000707800000, 0x0000000707a00000|  0%| F|  |TAMS 0x0000000707800000| PB 0x0000000707800000| Untracked |  0
|  22|0x0000000707a00000, 0x0000000707a00000, 0x0000000707c00000|  0%| F|  |TAMS 0x0000000707a00000| PB 0x0000000707a00000| Untracked |  0
|  23|0x0000000707c00000, 0x0000000707c00000, 0x0000000707e00000|  0%| F|  |TAMS 0x0000000707c00000| PB 0x0000000707c00000| Untracked |  0
|  24|0x0000000707e00000, 0x0000000707e00000, 0x0000000708000000|  0%| F|  |TAMS 0x0000000707e00000| PB 0x0000000707e00000| Untracked |  0
|  25|0x0000000708000000, 0x0000000708000000, 0x0000000708200000|  0%| F|  |TAMS 0x0000000708000000| PB 0x0000000708000000| Untracked |  0
|  26|0x0000000708200000, 0x0000000708200000, 0x0000000708400000|  0%| F|  |TAMS 0x0000000708200000| PB 0x0000000708200000| Untracked |  0
|  27|0x0000000708400000, 0x0000000708400000, 0x0000000708600000|  0%| F|  |TAMS 0x0000000708400000| PB 0x0000000708400000| Untracked |  0
|  28|0x0000000708600000, 0x0000000708600000, 0x0000000708800000|  0%| F|  |TAMS 0x0000000708600000| PB 0x0000000708600000| Untracked |  0
|  29|0x0000000708800000, 0x0000000708800000, 0x0000000708a00000|  0%| F|  |TAMS 0x0000000708800000| PB 0x0000000708800000| Untracked |  0
|  30|0x0000000708a00000, 0x0000000708a00000, 0x0000000708c00000|  0%| F|  |TAMS 0x0000000708a00000| PB 0x0000000708a00000| Untracked |  0
|  31|0x0000000708c00000, 0x0000000708c00000, 0x0000000708e00000|  0%| F|  |TAMS 0x0000000708c00000| PB 0x0000000708c00000| Untracked |  0
|  32|0x0000000708e00000, 0x0000000708e00000, 0x0000000709000000|  0%| F|  |TAMS 0x0000000708e00000| PB 0x0000000708e00000| Untracked |  0
|  33|0x0000000709000000, 0x0000000709000000, 0x0000000709200000|  0%| F|  |TAMS 0x0000000709000000| PB 0x0000000709000000| Untracked |  0
|  34|0x0000000709200000, 0x0000000709200000, 0x0000000709400000|  0%| F|  |TAMS 0x0000000709200000| PB 0x0000000709200000| Untracked |  0
|  35|0x0000000709400000, 0x0000000709400000, 0x0000000709600000|  0%| F|  |TAMS 0x0000000709400000| PB 0x0000000709400000| Untracked |  0
|  36|0x0000000709600000, 0x0000000709600000, 0x0000000709800000|  0%| F|  |TAMS 0x0000000709600000| PB 0x0000000709600000| Untracked |  0
|  37|0x0000000709800000, 0x0000000709800000, 0x0000000709a00000|  0%| F|  |TAMS 0x0000000709800000| PB 0x0000000709800000| Untracked |  0
|  38|0x0000000709a00000, 0x0000000709a00000, 0x0000000709c00000|  0%| F|  |TAMS 0x0000000709a00000| PB 0x0000000709a00000| Untracked |  0
|  39|0x0000000709c00000, 0x0000000709c00000, 0x0000000709e00000|  0%| F|  |TAMS 0x0000000709c00000| PB 0x0000000709c00000| Untracked |  0
|  40|0x0000000709e00000, 0x0000000709e00000, 0x000000070a000000|  0%| F|  |TAMS 0x0000000709e00000| PB 0x0000000709e00000| Untracked |  0
|  41|0x000000070a000000, 0x000000070a000000, 0x000000070a200000|  0%| F|  |TAMS 0x000000070a000000| PB 0x000000070a000000| Untracked |  0
|  42|0x000000070a200000, 0x000000070a200000, 0x000000070a400000|  0%| F|  |TAMS 0x000000070a200000| PB 0x000000070a200000| Untracked |  0
|  43|0x000000070a400000, 0x000000070a400000, 0x000000070a600000|  0%| F|  |TAMS 0x000000070a400000| PB 0x000000070a400000| Untracked |  0
|  44|0x000000070a600000, 0x000000070a600000, 0x000000070a800000|  0%| F|  |TAMS 0x000000070a600000| PB 0x000000070a600000| Untracked |  0
|  45|0x000000070a800000, 0x000000070a800000, 0x000000070aa00000|  0%| F|  |TAMS 0x000000070a800000| PB 0x000000070a800000| Untracked |  0
|  46|0x000000070aa00000, 0x000000070aa00000, 0x000000070ac00000|  0%| F|  |TAMS 0x000000070aa00000| PB 0x000000070aa00000| Untracked |  0
|  47|0x000000070ac00000, 0x000000070ac00000, 0x000000070ae00000|  0%| F|  |TAMS 0x000000070ac00000| PB 0x000000070ac00000| Untracked |  0
|  48|0x000000070ae00000, 0x000000070ae00000, 0x000000070b000000|  0%| F|  |TAMS 0x000000070ae00000| PB 0x000000070ae00000| Untracked |  0
|  49|0x000000070b000000, 0x000000070b000000, 0x000000070b200000|  0%| F|  |TAMS 0x000000070b000000| PB 0x000000070b000000| Untracked |  0
|  50|0x000000070b200000, 0x000000070b200000, 0x000000070b400000|  0%| F|  |TAMS 0x000000070b200000| PB 0x000000070b200000| Untracked |  0
|  51|0x000000070b400000, 0x000000070b400000, 0x000000070b600000|  0%| F|  |TAMS 0x000000070b400000| PB 0x000000070b400000| Untracked |  0
|  52|0x000000070b600000, 0x000000070b600000, 0x000000070b800000|  0%| F|  |TAMS 0x000000070b600000| PB 0x000000070b600000| Untracked |  0
|  53|0x000000070b800000, 0x000000070b800000, 0x000000070ba00000|  0%| F|  |TAMS 0x000000070b800000| PB 0x000000070b800000| Untracked |  0
|  54|0x000000070ba00000, 0x000000070ba00000, 0x000000070bc00000|  0%| F|  |TAMS 0x000000070ba00000| PB 0x000000070ba00000| Untracked |  0
|  55|0x000000070bc00000, 0x000000070bc00000, 0x000000070be00000|  0%| F|  |TAMS 0x000000070bc00000| PB 0x000000070bc00000| Untracked |  0
|  56|0x000000070be00000, 0x000000070be00000, 0x000000070c000000|  0%| F|  |TAMS 0x000000070be00000| PB 0x000000070be00000| Untracked |  0
|  57|0x000000070c000000, 0x000000070c000000, 0x000000070c200000|  0%| F|  |TAMS 0x000000070c000000| PB 0x000000070c000000| Untracked |  0
|  58|0x000000070c200000, 0x000000070c200000, 0x000000070c400000|  0%| F|  |TAMS 0x000000070c200000| PB 0x000000070c200000| Untracked |  0
|  59|0x000000070c400000, 0x000000070c400000, 0x000000070c600000|  0%| F|  |TAMS 0x000000070c400000| PB 0x000000070c400000| Untracked |  0
|  60|0x000000070c600000, 0x000000070c600000, 0x000000070c800000|  0%| F|  |TAMS 0x000000070c600000| PB 0x000000070c600000| Untracked |  0
|  61|0x000000070c800000, 0x000000070c800000, 0x000000070ca00000|  0%| F|  |TAMS 0x000000070c800000| PB 0x000000070c800000| Untracked |  0
|  62|0x000000070ca00000, 0x000000070ca00000, 0x000000070cc00000|  0%| F|  |TAMS 0x000000070ca00000| PB 0x000000070ca00000| Untracked |  0
|  63|0x000000070cc00000, 0x000000070cc00000, 0x000000070ce00000|  0%| F|  |TAMS 0x000000070cc00000| PB 0x000000070cc00000| Untracked |  0
|  64|0x000000070ce00000, 0x000000070ce00000, 0x000000070d000000|  0%| F|  |TAMS 0x000000070ce00000| PB 0x000000070ce00000| Untracked |  0
|  65|0x000000070d000000, 0x000000070d000000, 0x000000070d200000|  0%| F|  |TAMS 0x000000070d000000| PB 0x000000070d000000| Untracked |  0
|  66|0x000000070d200000, 0x000000070d200000, 0x000000070d400000|  0%| F|  |TAMS 0x000000070d200000| PB 0x000000070d200000| Untracked |  0
|  67|0x000000070d400000, 0x000000070d400000, 0x000000070d600000|  0%| F|  |TAMS 0x000000070d400000| PB 0x000000070d400000| Untracked |  0
|  68|0x000000070d600000, 0x000000070d600000, 0x000000070d800000|  0%| F|  |TAMS 0x000000070d600000| PB 0x000000070d600000| Untracked |  0
|  69|0x000000070d800000, 0x000000070d800000, 0x000000070da00000|  0%| F|  |TAMS 0x000000070d800000| PB 0x000000070d800000| Untracked |  0
|  70|0x000000070da00000, 0x000000070da00000, 0x000000070dc00000|  0%| F|  |TAMS 0x000000070da00000| PB 0x000000070da00000| Untracked |  0
|  71|0x000000070dc00000, 0x000000070dc00000, 0x000000070de00000|  0%| F|  |TAMS 0x000000070dc00000| PB 0x000000070dc00000| Untracked |  0
|  72|0x000000070de00000, 0x000000070de00000, 0x000000070e000000|  0%| F|  |TAMS 0x000000070de00000| PB 0x000000070de00000| Untracked |  0
|  73|0x000000070e000000, 0x000000070e000000, 0x000000070e200000|  0%| F|  |TAMS 0x000000070e000000| PB 0x000000070e000000| Untracked |  0
|  74|0x000000070e200000, 0x000000070e200000, 0x000000070e400000|  0%| F|  |TAMS 0x000000070e200000| PB 0x000000070e200000| Untracked |  0
|  75|0x000000070e400000, 0x000000070e400000, 0x000000070e600000|  0%| F|  |TAMS 0x000000070e400000| PB 0x000000070e400000| Untracked |  0
|  76|0x000000070e600000, 0x000000070e600000, 0x000000070e800000|  0%| F|  |TAMS 0x000000070e600000| PB 0x000000070e600000| Untracked |  0
|  77|0x000000070e800000, 0x000000070e800000, 0x000000070ea00000|  0%| F|  |TAMS 0x000000070e800000| PB 0x000000070e800000| Untracked |  0
|  78|0x000000070ea00000, 0x000000070ea00000, 0x000000070ec00000|  0%| F|  |TAMS 0x000000070ea00000| PB 0x000000070ea00000| Untracked |  0
|  79|0x000000070ec00000, 0x000000070ec00000, 0x000000070ee00000|  0%| F|  |TAMS 0x000000070ec00000| PB 0x000000070ec00000| Untracked |  0
|  80|0x000000070ee00000, 0x000000070ee00000, 0x000000070f000000|  0%| F|  |TAMS 0x000000070ee00000| PB 0x000000070ee00000| Untracked |  0
|  81|0x000000070f000000, 0x000000070f000000, 0x000000070f200000|  0%| F|  |TAMS 0x000000070f000000| PB 0x000000070f000000| Untracked |  0
|  82|0x000000070f200000, 0x000000070f200000, 0x000000070f400000|  0%| F|  |TAMS 0x000000070f200000| PB 0x000000070f200000| Untracked |  0
|  83|0x000000070f400000, 0x000000070f400000, 0x000000070f600000|  0%| F|  |TAMS 0x000000070f400000| PB 0x000000070f400000| Untracked |  0
|  84|0x000000070f600000, 0x000000070f600000, 0x000000070f800000|  0%| F|  |TAMS 0x000000070f600000| PB 0x000000070f600000| Untracked |  0
|  85|0x000000070f800000, 0x000000070f800000, 0x000000070fa00000|  0%| F|  |TAMS 0x000000070f800000| PB 0x000000070f800000| Untracked |  0
|  86|0x000000070fa00000, 0x000000070fa00000, 0x000000070fc00000|  0%| F|  |TAMS 0x000000070fa00000| PB 0x000000070fa00000| Untracked |  0
|  87|0x000000070fc00000, 0x000000070fc00000, 0x000000070fe00000|  0%| F|  |TAMS 0x000000070fc00000| PB 0x000000070fc00000| Untracked |  0
|  88|0x000000070fe00000, 0x000000070fe00000, 0x0000000710000000|  0%| F|  |TAMS 0x000000070fe00000| PB 0x000000070fe00000| Untracked |  0
|  89|0x0000000710000000, 0x0000000710000000, 0x0000000710200000|  0%| F|  |TAMS 0x0000000710000000| PB 0x0000000710000000| Untracked |  0
|  90|0x0000000710200000, 0x0000000710200000, 0x0000000710400000|  0%| F|  |TAMS 0x0000000710200000| PB 0x0000000710200000| Untracked |  0
|  91|0x0000000710400000, 0x0000000710400000, 0x0000000710600000|  0%| F|  |TAMS 0x0000000710400000| PB 0x0000000710400000| Untracked |  0
|  92|0x0000000710600000, 0x0000000710600000, 0x0000000710800000|  0%| F|  |TAMS 0x0000000710600000| PB 0x0000000710600000| Untracked |  0
|  93|0x0000000710800000, 0x0000000710800000, 0x0000000710a00000|  0%| F|  |TAMS 0x0000000710800000| PB 0x0000000710800000| Untracked |  0
|  94|0x0000000710a00000, 0x0000000710a00000, 0x0000000710c00000|  0%| F|  |TAMS 0x0000000710a00000| PB 0x0000000710a00000| Untracked |  0
|  95|0x0000000710c00000, 0x0000000710c00000, 0x0000000710e00000|  0%| F|  |TAMS 0x0000000710c00000| PB 0x0000000710c00000| Untracked |  0
|  96|0x0000000710e00000, 0x0000000710e00000, 0x0000000711000000|  0%| F|  |TAMS 0x0000000710e00000| PB 0x0000000710e00000| Untracked |  0
|  97|0x0000000711000000, 0x0000000711000000, 0x0000000711200000|  0%| F|  |TAMS 0x0000000711000000| PB 0x0000000711000000| Untracked |  0
|  98|0x0000000711200000, 0x0000000711200000, 0x0000000711400000|  0%| F|  |TAMS 0x0000000711200000| PB 0x0000000711200000| Untracked |  0
|  99|0x0000000711400000, 0x0000000711400000, 0x0000000711600000|  0%| F|  |TAMS 0x0000000711400000| PB 0x0000000711400000| Untracked |  0
| 100|0x0000000711600000, 0x0000000711600000, 0x0000000711800000|  0%| F|  |TAMS 0x0000000711600000| PB 0x0000000711600000| Untracked |  0
| 101|0x0000000711800000, 0x0000000711800000, 0x0000000711a00000|  0%| F|  |TAMS 0x0000000711800000| PB 0x0000000711800000| Untracked |  0
| 102|0x0000000711a00000, 0x0000000711a00000, 0x0000000711c00000|  0%| F|  |TAMS 0x0000000711a00000| PB 0x0000000711a00000| Untracked |  0
| 103|0x0000000711c00000, 0x0000000711c00000, 0x0000000711e00000|  0%| F|  |TAMS 0x0000000711c00000| PB 0x0000000711c00000| Untracked |  0
| 104|0x0000000711e00000, 0x0000000711e00000, 0x0000000712000000|  0%| F|  |TAMS 0x0000000711e00000| PB 0x0000000711e00000| Untracked |  0
| 105|0x0000000712000000, 0x0000000712000000, 0x0000000712200000|  0%| F|  |TAMS 0x0000000712000000| PB 0x0000000712000000| Untracked |  0
| 106|0x0000000712200000, 0x0000000712200000, 0x0000000712400000|  0%| F|  |TAMS 0x0000000712200000| PB 0x0000000712200000| Untracked |  0
| 107|0x0000000712400000, 0x0000000712400000, 0x0000000712600000|  0%| F|  |TAMS 0x0000000712400000| PB 0x0000000712400000| Untracked |  0
| 108|0x0000000712600000, 0x0000000712600000, 0x0000000712800000|  0%| F|  |TAMS 0x0000000712600000| PB 0x0000000712600000| Untracked |  0
| 109|0x0000000712800000, 0x0000000712800000, 0x0000000712a00000|  0%| F|  |TAMS 0x0000000712800000| PB 0x0000000712800000| Untracked |  0
| 110|0x0000000712a00000, 0x0000000712a00000, 0x0000000712c00000|  0%| F|  |TAMS 0x0000000712a00000| PB 0x0000000712a00000| Untracked |  0
| 111|0x0000000712c00000, 0x0000000712c00000, 0x0000000712e00000|  0%| F|  |TAMS 0x0000000712c00000| PB 0x0000000712c00000| Untracked |  0
| 112|0x0000000712e00000, 0x0000000712e00000, 0x0000000713000000|  0%| F|  |TAMS 0x0000000712e00000| PB 0x0000000712e00000| Untracked |  0
| 113|0x0000000713000000, 0x0000000713000000, 0x0000000713200000|  0%| F|  |TAMS 0x0000000713000000| PB 0x0000000713000000| Untracked |  0
| 114|0x0000000713200000, 0x0000000713200000, 0x0000000713400000|  0%| F|  |TAMS 0x0000000713200000| PB 0x0000000713200000| Untracked |  0
| 115|0x0000000713400000, 0x0000000713400000, 0x0000000713600000|  0%| F|  |TAMS 0x0000000713400000| PB 0x0000000713400000| Untracked |  0
| 116|0x0000000713600000, 0x0000000713600000, 0x0000000713800000|  0%| F|  |TAMS 0x0000000713600000| PB 0x0000000713600000| Untracked |  0
| 117|0x0000000713800000, 0x0000000713800000, 0x0000000713a00000|  0%| F|  |TAMS 0x0000000713800000| PB 0x0000000713800000| Untracked |  0
| 118|0x0000000713a00000, 0x0000000713a00000, 0x0000000713c00000|  0%| F|  |TAMS 0x0000000713a00000| PB 0x0000000713a00000| Untracked |  0
| 119|0x0000000713c00000, 0x0000000713c00000, 0x0000000713e00000|  0%| F|  |TAMS 0x0000000713c00000| PB 0x0000000713c00000| Untracked |  0
| 120|0x0000000713e00000, 0x0000000713e00000, 0x0000000714000000|  0%| F|  |TAMS 0x0000000713e00000| PB 0x0000000713e00000| Untracked |  0
| 121|0x0000000714000000, 0x0000000714000000, 0x0000000714200000|  0%| F|  |TAMS 0x0000000714000000| PB 0x0000000714000000| Untracked |  0
| 122|0x0000000714200000, 0x0000000714200000, 0x0000000714400000|  0%| F|  |TAMS 0x0000000714200000| PB 0x0000000714200000| Untracked |  0
| 123|0x0000000714400000, 0x0000000714400000, 0x0000000714600000|  0%| F|  |TAMS 0x0000000714400000| PB 0x0000000714400000| Untracked |  0
| 124|0x0000000714600000, 0x0000000714770a80, 0x0000000714800000| 72%| E|  |TAMS 0x0000000714600000| PB 0x0000000714600000| Complete |  0
| 125|0x0000000714800000, 0x0000000714a00000, 0x0000000714a00000|100%| E|CS|TAMS 0x0000000714800000| PB 0x0000000714800000| Complete |  0

Card table byte_map: [0x000001b57ea20000,0x000001b57f200000] _byte_map_base: 0x000001b57b1f9000

Marking Bits: (CMBitMap*) 0x000001b563bacf20
 Bits: [0x000001b500000000, 0x000001b503ec8000)

Polling page: 0x000001b565710000

Metaspace:

Usage:
  Non-class:    321.84 KB used.
      Class:     16.67 KB used.
       Both:    338.52 KB used.

Virtual space:
  Non-class space:       64.00 MB reserved,     384.00 KB ( <1%) committed,  1 nodes.
      Class space:        1.00 GB reserved,     128.00 KB ( <1%) committed,  1 nodes.
             Both:        1.06 GB reserved,     512.00 KB ( <1%) committed. 

Chunk freelists:
   Non-Class:  12.00 MB
       Class:  15.75 MB
        Both:  27.74 MB

MaxMetaspaceSize: unlimited
CompressedClassSpaceSize: 1.00 GB
Initial GC threshold: 21.00 MB
Current GC threshold: 21.00 MB
CDS: on
 - commit_granule_bytes: 65536.
 - commit_granule_words: 8192.
 - virtual_space_node_default_size: 8388608.
 - enlarge_chunks_in_place: 1.
 - use_allocation_guard: 0.


Internal statistics:

num_allocs_failed_limit: 0.
num_arena_births: 6.
num_arena_deaths: 0.
num_vsnodes_births: 2.
num_vsnodes_deaths: 0.
num_space_committed: 8.
num_space_uncommitted: 0.
num_chunks_returned_to_freelist: 0.
num_chunks_taken_from_freelist: 7.
num_chunk_merges: 0.
num_chunk_splits: 5.
num_chunks_enlarged: 2.
num_inconsistent_stats: 0.

CodeHeap 'non-profiled nmethods': size=119232Kb used=64Kb max_used=64Kb free=119167Kb
 bounds [0x000001b576210000, 0x000001b576480000, 0x000001b57d680000]
CodeHeap 'profiled nmethods': size=119104Kb used=182Kb max_used=182Kb free=118921Kb
 bounds [0x000001b56e680000, 0x000001b56e8f0000, 0x000001b575ad0000]
CodeHeap 'non-nmethods': size=7424Kb used=2963Kb max_used=2977Kb free=4460Kb
 bounds [0x000001b575ad0000, 0x000001b575dc0000, 0x000001b576210000]
CodeCache: size=245760Kb, used=3209Kb, max_used=3223Kb, free=242548Kb
 total_blobs=617, nmethods=217, adapters=303, full_count=0
Compilation: enabled, stopped_count=0, restarted_count=0

Compilation events (20 events):
Event: 0.076 Thread 0x000001b57f829680  210       3       java.util.zip.ZipUtils::CENOFF (9 bytes)
Event: 0.076 Thread 0x000001b50656c480 nmethod 212 0x000001b56e6a8a88 code [0x000001b56e6a8be0, 0x000001b56e6a8fc8]
Event: 0.076 Thread 0x000001b50656c480  211       3       java.util.zip.ZipUtils::CENDSK (9 bytes)
Event: 0.076 Thread 0x000001b50656da20 nmethod 209 0x000001b56e6a9008 code [0x000001b56e6a9140, 0x000001b56e6a9418]
Event: 0.076 Thread 0x000001b57f829680 nmethod 210 0x000001b56e6a9488 code [0x000001b56e6a95c0, 0x000001b56e6a9898]
Event: 0.076 Thread 0x000001b50656da20  214       3       java.lang.System$2::countPositives (7 bytes)
Event: 0.076 Thread 0x000001b57f829680  213       3       java.util.zip.ZipCoder$UTF8ZipCoder::checkedHash (78 bytes)
Event: 0.076 Thread 0x000001b50656c480 nmethod 211 0x000001b56e6a9908 code [0x000001b56e6a9a20, 0x000001b56e6a9bc8]
Event: 0.076 Thread 0x000001b50656da20 nmethod 214 0x000001b56e6a9c08 code [0x000001b56e6a9d40, 0x000001b56e6a9fb0]
Event: 0.076 Thread 0x000001b50656c480  215       3       java.util.zip.ZipFile$Source::isMetaName (141 bytes)
Event: 0.076 Thread 0x000001b50656da20  216       3       java.util.zip.ZipFile$Source::nextEntryPos (22 bytes)
Event: 0.076 Thread 0x000001b57f829680 nmethod 213 0x000001b56e6aa008 code [0x000001b56e6aa180, 0x000001b56e6aa5b0]
Event: 0.076 Thread 0x000001b50656da20 nmethod 216 0x000001b56e6aa608 code [0x000001b56e6aa740, 0x000001b56e6aaa70]
Event: 0.076 Thread 0x000001b50656c480 nmethod 215 0x000001b56e6aab08 code [0x000001b56e6aac40, 0x000001b56e6ab0b0]
Event: 0.077 Thread 0x000001b50656d360 nmethod 203 0x000001b56e6ab108 code [0x000001b56e6ab500, 0x000001b56e6ad660]
Event: 0.079 Thread 0x000001b5064603c0  217       4       java.lang.Math::max (11 bytes)
Event: 0.079 Thread 0x000001b5064603c0 nmethod 217 0x000001b57621ff08 code [0x000001b576220000, 0x000001b576220078]
Event: 0.079 Thread 0x000001b50656c480  218       3       java.io.WinNTFileSystem::isSlash (18 bytes)
Event: 0.079 Thread 0x000001b50656c480 nmethod 218 0x000001b56e6ad788 code [0x000001b56e6ad8a0, 0x000001b56e6ada28]
Event: 0.080 Thread 0x000001b50656da20  219       3       java.util.HashMap$EntryIterator::next (5 bytes)

GC Heap History (0 events):
No events

Dll operation events (7 events):
Event: 0.007 Loaded shared library C:\Program Files\Java\jdk-23\bin\java.dll
Event: 0.033 Loaded shared library C:\Program Files\Java\jdk-23\bin\jsvml.dll
Event: 0.065 Loaded shared library C:\Program Files\Java\jdk-23\bin\zip.dll
Event: 0.068 Loaded shared library C:\Program Files\Java\jdk-23\bin\instrument.dll
Event: 0.072 Loaded shared library C:\Program Files\Java\jdk-23\bin\net.dll
Event: 0.073 Loaded shared library C:\Program Files\Java\jdk-23\bin\nio.dll
Event: 0.078 Loaded shared library C:\Program Files\Java\jdk-23\bin\zip.dll

Deoptimization events (0 events):
No events

Classes loaded (18 events):
Event: 0.028 Loading class sun/nio/cs/MS1254
Event: 0.028 Loading class sun/nio/cs/MS1254 done
Event: 0.029 Loading class sun/nio/cs/MS1254$Holder
Event: 0.029 Loading class sun/nio/cs/MS1254$Holder done
Event: 0.055 Loading class jdk/internal/module/ModuleReferenceImpl$CachedHash
Event: 0.055 Loading class jdk/internal/module/ModuleReferenceImpl$CachedHash done
Event: 0.066 Loading class sun/instrument/InstrumentationImpl
Event: 0.066 Loading class java/lang/instrument/Instrumentation
Event: 0.066 Loading class java/lang/instrument/Instrumentation done
Event: 0.067 Loading class sun/instrument/InstrumentationImpl done
Event: 0.068 Loading class sun/instrument/TransformerManager
Event: 0.068 Loading class sun/instrument/TransformerManager done
Event: 0.068 Loading class sun/instrument/TransformerManager$TransformerInfo
Event: 0.068 Loading class sun/instrument/TransformerManager$TransformerInfo done
Event: 0.068 Loading class jdk/internal/loader/URLClassPath$FileLoader
Event: 0.068 Loading class jdk/internal/loader/URLClassPath$FileLoader done
Event: 0.069 Loading class sun/nio/cs/UTF_8$Decoder
Event: 0.069 Loading class sun/nio/cs/UTF_8$Decoder done

Classes unloaded (0 events):
No events

Classes redefined (0 events):
No events

Internal exceptions (0 events):
No events

VM Operations (0 events):
No events

Memory protections (0 events):
No events

Nmethod flushes (0 events):
No events

Events (14 events):
Event: 0.021 Thread 0x000001b563ae4e50 Thread added: 0x000001b563ae4e50
Event: 0.031 Thread 0x000001b563ae4e50 Thread added: 0x000001b57f80f4b0
Event: 0.031 Thread 0x000001b563ae4e50 Thread added: 0x000001b57f8102d0
Event: 0.031 Thread 0x000001b563ae4e50 Thread added: 0x000001b57f8121d0
Event: 0.031 Thread 0x000001b563ae4e50 Thread added: 0x000001b57f816f40
Event: 0.031 Thread 0x000001b563ae4e50 Thread added: 0x000001b57f817c60
Event: 0.031 Thread 0x000001b563ae4e50 Thread added: 0x000001b57f816220
Event: 0.031 Thread 0x000001b563ae4e50 Thread added: 0x000001b5064603c0
Event: 0.031 Thread 0x000001b563ae4e50 Thread added: 0x000001b57f829680
Event: 0.050 Thread 0x000001b563ae4e50 Thread added: 0x000001b57f8182f0
Event: 0.054 Thread 0x000001b57f829680 Thread added: 0x000001b50656c480
Event: 0.055 Thread 0x000001b50656c480 Thread added: 0x000001b50656d360
Event: 0.055 Thread 0x000001b50656c480 Thread added: 0x000001b50656da20
Event: 0.061 Thread 0x000001b50656d360 Thread added: 0x000001b5065b0fa0


Dynamic libraries:
0x00007ff621730000 - 0x00007ff621740000 	C:\Program Files\Java\jdk-23\bin\java.exe
0x00007ffdcd390000 - 0x00007ffdcd5a7000 	C:\WINDOWS\SYSTEM32\ntdll.dll
0x00007ffdcb7c0000 - 0x00007ffdcb884000 	C:\WINDOWS\System32\KERNEL32.DLL
0x00007ffdca880000 - 0x00007ffdcac50000 	C:\WINDOWS\System32\KERNELBASE.dll
0x00007ffdca730000 - 0x00007ffdca841000 	C:\WINDOWS\System32\ucrtbase.dll
0x00007ffdab310000 - 0x00007ffdab32b000 	C:\Program Files\Java\jdk-23\bin\VCRUNTIME140.dll
0x00007ffd993b0000 - 0x00007ffd993c7000 	C:\Program Files\Java\jdk-23\bin\jli.dll
0x00007ffdcc3c0000 - 0x00007ffdcc56e000 	C:\WINDOWS\System32\USER32.dll
0x00007ffdca850000 - 0x00007ffdca876000 	C:\WINDOWS\System32\win32u.dll
0x00007ffdae8f0000 - 0x00007ffdaeb82000 	C:\WINDOWS\WinSxS\amd64_microsoft.windows.common-controls_6595b64144ccf1df_6.0.22621.4830_none_270fe7d773858e80\COMCTL32.dll
0x00007ffdcc390000 - 0x00007ffdcc3b9000 	C:\WINDOWS\System32\GDI32.dll
0x00007ffdcaee0000 - 0x00007ffdcaffb000 	C:\WINDOWS\System32\gdi32full.dll
0x00007ffdcc5d0000 - 0x00007ffdcc677000 	C:\WINDOWS\System32\msvcrt.dll
0x00007ffdcae40000 - 0x00007ffdcaeda000 	C:\WINDOWS\System32\msvcp_win.dll
0x00007ffdcc570000 - 0x00007ffdcc5a1000 	C:\WINDOWS\System32\IMM32.DLL
0x00007ffdc4570000 - 0x00007ffdc457c000 	C:\Program Files\Java\jdk-23\bin\vcruntime140_1.dll
0x00007ffd885c0000 - 0x00007ffd8864e000 	C:\Program Files\Java\jdk-23\bin\msvcp140.dll
0x00007ffcfde20000 - 0x00007ffcfeb6f000 	C:\Program Files\Java\jdk-23\bin\server\jvm.dll
0x00007ffdcb220000 - 0x00007ffdcb2d1000 	C:\WINDOWS\System32\ADVAPI32.dll
0x00007ffdcb6f0000 - 0x00007ffdcb797000 	C:\WINDOWS\System32\sechost.dll
0x00007ffdca640000 - 0x00007ffdca668000 	C:\WINDOWS\System32\bcrypt.dll
0x00007ffdcc9b0000 - 0x00007ffdccac4000 	C:\WINDOWS\System32\RPCRT4.dll
0x00007ffdcb3c0000 - 0x00007ffdcb431000 	C:\WINDOWS\System32\WS2_32.dll
0x00007ffdc34f0000 - 0x00007ffdc3524000 	C:\WINDOWS\SYSTEM32\WINMM.dll
0x00007ffdc94a0000 - 0x00007ffdc94ed000 	C:\WINDOWS\SYSTEM32\POWRPROF.dll
0x00007ffdc07b0000 - 0x00007ffdc07ba000 	C:\WINDOWS\SYSTEM32\VERSION.dll
0x00007ffdc9480000 - 0x00007ffdc9493000 	C:\WINDOWS\SYSTEM32\UMPDC.dll
0x00007ffdc96d0000 - 0x00007ffdc96e8000 	C:\WINDOWS\SYSTEM32\kernel.appcore.dll
0x00007ffd98670000 - 0x00007ffd9867a000 	C:\Program Files\Java\jdk-23\bin\jimage.dll
0x00007ffdc7f10000 - 0x00007ffdc8142000 	C:\WINDOWS\SYSTEM32\DBGHELP.DLL
0x00007ffdccfc0000 - 0x00007ffdcd350000 	C:\WINDOWS\System32\combase.dll
0x00007ffdcb2e0000 - 0x00007ffdcb3b7000 	C:\WINDOWS\System32\OLEAUT32.dll
0x00007ffdbd720000 - 0x00007ffdbd752000 	C:\WINDOWS\SYSTEM32\dbgcore.DLL
0x00007ffdcb000000 - 0x00007ffdcb07b000 	C:\WINDOWS\System32\bcryptPrimitives.dll
0x00007ffd98600000 - 0x00007ffd9860f000 	C:\Program Files\Java\jdk-23\bin\instrument.dll
0x00007ffd985e0000 - 0x00007ffd985fe000 	C:\Program Files\Java\jdk-23\bin\java.dll
0x00007ffdcb4b0000 - 0x00007ffdcb651000 	C:\WINDOWS\System32\ole32.dll
0x00007ffdcb890000 - 0x00007ffdcc108000 	C:\WINDOWS\System32\SHELL32.dll
0x00007ffdc8550000 - 0x00007ffdc8e60000 	C:\WINDOWS\SYSTEM32\windows.storage.dll
0x00007ffdc8410000 - 0x00007ffdc854f000 	C:\WINDOWS\SYSTEM32\wintypes.dll
0x00007ffdcc680000 - 0x00007ffdcc78a000 	C:\WINDOWS\System32\SHCORE.dll
0x00007ffdcc950000 - 0x00007ffdcc9ae000 	C:\WINDOWS\System32\shlwapi.dll
0x00007ffdca570000 - 0x00007ffdca59b000 	C:\WINDOWS\SYSTEM32\profapi.dll
0x00007ffd68a70000 - 0x00007ffd68b47000 	C:\Program Files\Java\jdk-23\bin\jsvml.dll
0x00007ffd98560000 - 0x00007ffd98577000 	C:\Program Files\Java\jdk-23\bin\zip.dll
0x00007ffd985a0000 - 0x00007ffd985b0000 	C:\Program Files\Java\jdk-23\bin\net.dll
0x00007ffdc9ba0000 - 0x00007ffdc9c0a000 	C:\WINDOWS\system32\mswsock.dll
0x00007ffd98480000 - 0x00007ffd98496000 	C:\Program Files\Java\jdk-23\bin\nio.dll

dbghelp: loaded successfully - version: 4.0.5 - missing functions: none
symbol engine: initialized successfully - sym options: 0x614 - pdb path: .;C:\Program Files\Java\jdk-23\bin;C:\WINDOWS\SYSTEM32;C:\WINDOWS\WinSxS\amd64_microsoft.windows.common-controls_6595b64144ccf1df_6.0.22621.4830_none_270fe7d773858e80;C:\Program Files\Java\jdk-23\bin\server

VM Arguments:
jvm_args: -javaagent:C:\Program Files\JetBrains\IntelliJ IDEA 2024.2.3\lib\idea_rt.jar=52682:C:\Program Files\JetBrains\IntelliJ IDEA 2024.2.3\bin -Dfile.encoding=UTF-8 -Dsun.stdout.encoding=UTF-8 -Dsun.stderr.encoding=UTF-8 
java_command: Test
java_class_path (initial): C:\Users\Dell\Desktop\KartProject\out\production\Kart Project;C:\Users\Dell\Desktop\KartProject\lib\mssql-jdbc-12.8.1.jre11.jar
Launcher Type: SUN_STANDARD

[Global flags]
     intx CICompilerCount                          = 12                                        {product} {ergonomic}
     uint ConcGCThreads                            = 4                                         {product} {ergonomic}
     uint G1ConcRefinementThreads                  = 15                                        {product} {ergonomic}
   size_t G1HeapRegionSize                         = 2097152                                   {product} {ergonomic}
   size_t InitialHeapSize                          = 264241152                                 {product} {ergonomic}
   size_t MarkStackSize                            = 4194304                                   {product} {ergonomic}
   size_t MarkStackSizeMax                         = 536870912                                 {product} {ergonomic}
   size_t MaxHeapSize                              = 4213178368                                {product} {ergonomic}
   size_t MaxNewSize                               = 2527068160                                {product} {ergonomic}
   size_t MinHeapDeltaBytes                        = 2097152                                   {product} {ergonomic}
   size_t MinHeapSize                              = 8388608                                   {product} {ergonomic}
    uintx NonNMethodCodeHeapSize                   = 7602176                                {pd product} {ergonomic}
    uintx NonProfiledCodeHeapSize                  = 122093568                              {pd product} {ergonomic}
    uintx ProfiledCodeHeapSize                     = 121962496                              {pd product} {ergonomic}
    uintx ReservedCodeCacheSize                    = 251658240                              {pd product} {ergonomic}
     bool SegmentedCodeCache                       = true                                      {product} {ergonomic}
   size_t SoftMaxHeapSize                          = 4213178368                             {manageable} {ergonomic}
     bool UseCompressedOops                        = true                           {product lp64_product} {ergonomic}
     bool UseG1GC                                  = true                                      {product} {ergonomic}
     bool UseLargePagesIndividualAllocation        = false                                  {pd product} {ergonomic}

Logging:
Log output configuration:
 #0: stdout all=warning uptime,level,tags foldmultilines=false
 #1: stderr all=off uptime,level,tags foldmultilines=false

Environment Variables:
PATH=C:\Program Files\Microsoft MPI\Bin\;C:\Program Files\Common Files\Oracle\Java\javapath;C:\Windows\system32;C:\Windows;C:\Windows\System32\Wbem;C:\Windows\System32\WindowsPowerShell\v1.0\;C:\Windows\System32\OpenSSH\;C:\Program Files\dotnet\;C:\WINDOWS\system32;C:\WINDOWS;C:\WINDOWS\System32\Wbem;C:\WINDOWS\System32\WindowsPowerShell\v1.0\;C:\WINDOWS\System32\OpenSSH\;C:\Program Files (x86)\NVIDIA Corporation\PhysX\Common;C:\Program Files\Git\cmd;C:\Program Files\NVIDIA Corporation\NVIDIA app\NvDLISR;C:\Program Files (x86)\Microsoft SQL Server\160\Tools\Binn\;D:\Microsoft SQL Server\160\Tools\Binn\;D:\Microsoft SQL Server\Client SDK\ODBC\170\Tools\Binn\;D:\Microsoft SQL Server\160\DTS\Binn\;C:\Program Files (x86)\Microsoft SQL Server\160\DTS\Binn\;D:\Microsoft SQL Server\150\Tools\Binn\;C:\Users\Dell\AppData\Local\Programs\Python\Launcher\;C:\Users\Dell\AppData\Local\Microsoft\WindowsApps;C:\Program Files\JetBrains\PyCharm Community Edition 2023.3.3\bin;;C:\Users\Dell\AppData\Local\GitHubDesktop\bin;C:\Users\Dell\AppData\Roaming\Programs\Zero Install;C:\Program Files\JetBrains\IntelliJ IDEA 2024.2.3\bin;;C:\Users\Dell\.dotnet\tools
USERNAME=Furkan Aydemir
OS=Windows_NT
PROCESSOR_IDENTIFIER=Intel64 Family 6 Model 154 Stepping 3, GenuineIntel
TMP=C:\Users\Dell\AppData\Local\Temp
TEMP=C:\Users\Dell\AppData\Local\Temp




Periodic native trim disabled

---------------  S Y S T E M  ---------------

OS:
 Windows 11 , 64 bit Build 22621 (10.0.22621.4830)
OS uptime: 0 days 6:10 hours
Hyper-V role detected

CPU: total 20 (initial active 20) (10 cores per cpu, 2 threads per core) family 6 model 154 stepping 3 microcode 0x435, cx8, cmov, fxsr, ht, mmx, 3dnowpref, sse, sse2, sse3, ssse3, sse4.1, sse4.2, popcnt, lzcnt, tsc, tscinvbit, avx, avx2, aes, erms, clmul, bmi1, bmi2, adx, sha, fma, vzeroupper, clflush, clflushopt, clwb, hv, serialize, rdtscp, rdpid, fsrm, gfni, f16c, cet_ibt, cet_ss
Processor Information for processor 0
  Max Mhz: 2300, Current Mhz: 2300, Mhz Limit: 2300
Processor Information for processor 1
  Max Mhz: 2300, Current Mhz: 1506, Mhz Limit: 2300
Processor Information for processor 2
  Max Mhz: 2300, Current Mhz: 2300, Mhz Limit: 2300
Processor Information for processor 3
  Max Mhz: 2300, Current Mhz: 1506, Mhz Limit: 2300
Processor Information for processor 4
  Max Mhz: 2300, Current Mhz: 1506, Mhz Limit: 2300
Processor Information for processor 5
  Max Mhz: 2300, Current Mhz: 2300, Mhz Limit: 2300
Processor Information for processor 6
  Max Mhz: 2300, Current Mhz: 2300, Mhz Limit: 2300
Processor Information for processor 7
  Max Mhz: 2300, Current Mhz: 2300, Mhz Limit: 2300
Processor Information for processor 8
  Max Mhz: 2300, Current Mhz: 2300, Mhz Limit: 2300
Processor Information for processor 9
  Max Mhz: 2300, Current Mhz: 1506, Mhz Limit: 2300
Processor Information for processor 10
  Max Mhz: 2300, Current Mhz: 2300, Mhz Limit: 2300
Processor Information for processor 11
  Max Mhz: 2300, Current Mhz: 1506, Mhz Limit: 2300
Processor Information for processor 12
  Max Mhz: 2300, Current Mhz: 1488, Mhz Limit: 2300
Processor Information for processor 13
  Max Mhz: 2300, Current Mhz: 2300, Mhz Limit: 2300
Processor Information for processor 14
  Max Mhz: 2300, Current Mhz: 2300, Mhz Limit: 2300
Processor Information for processor 15
  Max Mhz: 2300, Current Mhz: 1488, Mhz Limit: 2300
Processor Information for processor 16
  Max Mhz: 2300, Current Mhz: 2300, Mhz Limit: 2300
Processor Information for processor 17
  Max Mhz: 2300, Current Mhz: 1488, Mhz Limit: 2300
Processor Information for processor 18
  Max Mhz: 2300, Current Mhz: 1488, Mhz Limit: 2300
Processor Information for processor 19
  Max Mhz: 2300, Current Mhz: 1488, Mhz Limit: 2300

Memory: 4k page, system-wide physical 16068M (849M free)
TotalPageFile size 24260M (AvailPageFile size 358M)
current process WorkingSet (physical memory assigned to process): 41M, peak: 41M
current process commit charge ("private bytes"): 353M, peak: 353M

vm_info: Java HotSpot(TM) 64-Bit Server VM (23.0.1+11-39) for windows-amd64 JRE (23.0.1+11-39), built on 2024-09-30T07:20:43Z with MS VC++ 17.6 (VS2022)

END.
